<?xml version="1.0" encoding="utf-8"?><testsuites name="pytest tests"><testsuite name="pytest" errors="0" failures="0" skipped="0" tests="14" time="1.901" timestamp="2026-03-25T07:53:24.760706+00:00" hostname="agent-env-935f9096-4336-4735-8656-ff60960014b2"><testcase classname="backend.tests.test_a2g_modules.TestContacts" name="test_create_contact" time="0.549" /><testcase classname="backend.tests.test_a2g_modules.TestContacts" name="test_list_contacts" time="0.099" /><testcase classname="backend.tests.test_a2g_modules.TestContacts" name="test_get_contact" time="0.106" /><testcase classname="backend.tests.test_a2g_modules.TestContacts" name="test_update_contact" time="0.111" /><testcase classname="backend.tests.test_a2g_modules.TestContacts" name="test_delete_contact" time="0.100" /><testcase classname="backend.tests.test_a2g_modules.TestContacts" name="test_contact_not_found" time="0.104" /><testcase classname="backend.tests.test_a2g_modules.TestCalendar" name="test_get_calendars" time="0.094" /><testcase classname="backend.tests.test_a2g_modules.TestCalendar" name="test_create_calendar" time="0.097" /><testcase classname="backend.tests.test_a2g_modules.TestCalendar" name="test_get_categories" time="0.096" /><testcase classname="backend.tests.test_a2g_modules.TestCalendar" name="test_create_category" time="0.104" /><testcase classname="backend.tests.test_a2g_modules.TestCalendar" name="test_create_event" time="0.094" /><testcase classname="backend.tests.test_a2g_modules.TestCalendar" name="test_get_events" time="0.094" /><testcase classname="backend.tests.test_a2g_modules.TestCalendar" name="test_update_event" time="0.094" /><testcase classname="backend.tests.test_a2g_modules.TestCalendar" name="test_delete_event" time="0.096" /></testsuite></testsuites>