<?xml version="1.0" encoding="utf-8"?><testsuites name="pytest tests"><testsuite name="pytest" errors="0" failures="0" skipped="0" tests="44" time="6.427" timestamp="2026-03-25T07:11:49.619426+00:00" hostname="agent-env-8f539f23-70fe-41b5-b953-8eb564c33341"><testcase classname="tests.test_a2g_modules.TestContacts" name="test_create_contact" time="0.554" /><testcase classname="tests.test_a2g_modules.TestContacts" name="test_list_contacts" time="0.106" /><testcase classname="tests.test_a2g_modules.TestContacts" name="test_get_contact" time="0.097" /><testcase classname="tests.test_a2g_modules.TestContacts" name="test_update_contact" time="0.100" /><testcase classname="tests.test_a2g_modules.TestContacts" name="test_delete_contact" time="0.118" /><testcase classname="tests.test_a2g_modules.TestContacts" name="test_contact_not_found" time="0.099" /><testcase classname="tests.test_a2g_modules.TestCalendar" name="test_get_calendars" time="0.095" /><testcase classname="tests.test_a2g_modules.TestCalendar" name="test_create_calendar" time="0.099" /><testcase classname="tests.test_a2g_modules.TestCalendar" name="test_get_categories" time="0.091" /><testcase classname="tests.test_a2g_modules.TestCalendar" name="test_create_category" time="0.096" /><testcase classname="tests.test_a2g_modules.TestCalendar" name="test_create_event" time="0.125" /><testcase classname="tests.test_a2g_modules.TestCalendar" name="test_get_events" time="0.106" /><testcase classname="tests.test_a2g_modules.TestCalendar" name="test_update_event" time="0.107" /><testcase classname="tests.test_a2g_modules.TestCalendar" name="test_delete_event" time="0.100" /><testcase classname="tests.test_a2g_modules.TestTasks" name="test_create_task" time="0.098" /><testcase classname="tests.test_a2g_modules.TestTasks" name="test_list_tasks" time="0.114" /><testcase classname="tests.test_a2g_modules.TestTasks" name="test_update_task" time="0.101" /><testcase classname="tests.test_a2g_modules.TestTasks" name="test_add_task_comment" time="0.105" /><testcase classname="tests.test_a2g_modules.TestTasks" name="test_list_task_comments" time="0.100" /><testcase classname="tests.test_a2g_modules.TestTasks" name="test_push_task_status" time="0.106" /><testcase classname="tests.test_a2g_modules.TestTasks" name="test_delete_task" time="0.103" /><testcase classname="tests.test_a2g_modules.TestRadio" name="test_radio_search" time="0.394" /><testcase classname="tests.test_a2g_modules.TestRadio" name="test_radio_featured" time="0.233" /><testcase classname="tests.test_a2g_modules.TestRadio" name="test_radio_featured_music" time="0.423" /><testcase classname="tests.test_a2g_modules.TestRadio" name="test_radio_tune" time="0.222" /><testcase classname="tests.test_a2g_modules.TestAndGo" name="test_create_link" time="0.107" /><testcase classname="tests.test_a2g_modules.TestAndGo" name="test_create_second_link" time="0.097" /><testcase classname="tests.test_a2g_modules.TestAndGo" name="test_list_links" time="0.116" /><testcase classname="tests.test_a2g_modules.TestAndGo" name="test_update_link" time="0.104" /><testcase classname="tests.test_a2g_modules.TestAndGo" name="test_reorder_links" time="0.102" /><testcase classname="tests.test_a2g_modules.TestAndGo" name="test_delete_links" time="0.198" /><testcase classname="tests.test_a2g_modules.TestBooking" name="test_get_booking_settings" time="0.108" /><testcase classname="tests.test_a2g_modules.TestBooking" name="test_update_booking_settings" time="0.113" /><testcase classname="tests.test_a2g_modules.TestBooking" name="test_get_booking_link" time="0.097" /><testcase classname="tests.test_a2g_modules.TestBooking" name="test_get_public_booking" time="0.099" /><testcase classname="tests.test_a2g_modules.TestBooking" name="test_create_public_booking" time="0.340" /><testcase classname="tests.test_a2g_modules.TestBooking" name="test_list_meetings" time="0.105" /><testcase classname="tests.test_a2g_modules.TestBooking" name="test_update_meeting_status" time="0.207" /><testcase classname="tests.test_a2g_modules.TestAuthRequired" name="test_contacts_requires_auth" time="0.090" /><testcase classname="tests.test_a2g_modules.TestAuthRequired" name="test_calendars_requires_auth" time="0.100" /><testcase classname="tests.test_a2g_modules.TestAuthRequired" name="test_tasks_requires_auth" time="0.105" /><testcase classname="tests.test_a2g_modules.TestAuthRequired" name="test_radio_requires_auth" time="0.105" /><testcase classname="tests.test_a2g_modules.TestAuthRequired" name="test_goto_links_requires_auth" time="0.114" /><testcase classname="tests.test_a2g_modules.TestAuthRequired" name="test_booking_settings_requires_auth" time="0.115" /></testsuite></testsuites>