<?xml version="1.0" encoding="utf-8"?><testsuites name="pytest tests"><testsuite name="pytest" errors="0" failures="0" skipped="0" tests="14" time="4.005" timestamp="2026-03-08T23:33:05.671655+00:00" hostname="agent-env-61450999-cfbd-4c3c-a53a-ecf6565cc43f"><testcase classname="tests.test_abandoned_carts.TestAbandonedCartsSettings" name="test_get_settings" time="0.121" /><testcase classname="tests.test_abandoned_carts.TestAbandonedCartsSettings" name="test_update_settings" time="0.399" /><testcase classname="tests.test_abandoned_carts.TestAbandonedCartsStats" name="test_get_stats" time="0.123" /><testcase classname="tests.test_abandoned_carts.TestCartTracking" name="test_track_new_cart" time="0.228" /><testcase classname="tests.test_abandoned_carts.TestCartTracking" name="test_track_cart_update" time="0.464" /><testcase classname="tests.test_abandoned_carts.TestCartTracking" name="test_list_abandoned_carts" time="0.518" /><testcase classname="tests.test_abandoned_carts.TestCartTracking" name="test_get_cart_by_id" time="0.356" /><testcase classname="tests.test_abandoned_carts.TestCartTracking" name="test_get_nonexistent_cart" time="0.140" /><testcase classname="tests.test_abandoned_carts.TestCartLifecycle" name="test_mark_cart_completed" time="0.456" /><testcase classname="tests.test_abandoned_carts.TestCartLifecycle" name="test_delete_cart" time="0.364" /><testcase classname="tests.test_abandoned_carts.TestProcessAbandoned" name="test_process_abandoned_carts" time="0.115" /><testcase classname="tests.test_abandoned_carts.TestRecoveryCoupons" name="test_search_recovery_coupons" time="0.111" /><testcase classname="tests.test_abandoned_carts.TestRecoveryCoupons" name="test_search_recovery_coupons_with_filter" time="0.112" /><testcase classname="tests.test_abandoned_carts.TestGuestUserTracking" name="test_track_guest_cart" time="0.445" /></testsuite></testsuites>