<?xml version="1.0" encoding="utf-8"?><testsuites name="pytest tests"><testsuite name="pytest" errors="0" failures="0" skipped="0" tests="13" time="1.561" timestamp="2026-03-07T07:09:33.255637+00:00" hostname="agent-env-9cf21145-87b3-4aaf-8664-f7dc39186596"><testcase classname="tests.test_accounting_dashboard.TestAccountingDashboardStats" name="test_stats_default_period" time="0.203" /><testcase classname="tests.test_accounting_dashboard.TestAccountingDashboardStats" name="test_stats_7_day_period" time="0.108" /><testcase classname="tests.test_accounting_dashboard.TestAccountingDashboardStats" name="test_stats_30_day_period" time="0.100" /><testcase classname="tests.test_accounting_dashboard.TestAccountingDashboardStats" name="test_stats_60_day_period" time="0.099" /><testcase classname="tests.test_accounting_dashboard.TestAccountingDashboardStats" name="test_stats_90_day_period" time="0.100" /><testcase classname="tests.test_accounting_dashboard.TestAccountingDashboardStats" name="test_stats_365_day_period" time="0.103" /><testcase classname="tests.test_accounting_dashboard.TestAccountingDashboardStats" name="test_stats_all_time_period" time="0.104" /><testcase classname="tests.test_accounting_dashboard.TestAccountingDashboardStats" name="test_stats_custom_date_range" time="0.112" /><testcase classname="tests.test_accounting_dashboard.TestAccountingDailyBreakdown" name="test_daily_breakdown_returns_list" time="0.107" /><testcase classname="tests.test_accounting_dashboard.TestAccountingProductsBreakdown" name="test_products_breakdown" time="0.137" /><testcase classname="tests.test_accounting_dashboard.TestAccountingOrdersBreakdown" name="test_orders_breakdown_structure" time="0.102" /><testcase classname="tests.test_accounting_dashboard.TestAccountingFullReport" name="test_full_report_generation" time="0.107" /><testcase classname="tests.test_accounting_dashboard.TestProfitCalculation" name="test_profit_formula_in_stats" time="0.106" /></testsuite></testsuites>