<?xml version="1.0" encoding="utf-8"?><testsuites name="pytest tests"><testsuite name="pytest" errors="0" failures="0" skipped="0" tests="11" time="2.608" timestamp="2026-07-17T12:54:31.055118+00:00" hostname="agent-env-412b9ec3-454a-4320-bad8-368cad78d015"><testcase classname="backend.tests.test_admin_customer_crud" name="test_old_create_test_endpoint_removed" time="0.515" /><testcase classname="backend.tests.test_admin_customer_crud" name="test_create_customer" time="0.320" /><testcase classname="backend.tests.test_admin_customer_crud" name="test_duplicate_email_rejected" time="0.098" /><testcase classname="backend.tests.test_admin_customer_crud" name="test_created_customer_can_login" time="0.322" /><testcase classname="backend.tests.test_admin_customer_crud" name="test_customer_appears_in_list" time="0.114" /><testcase classname="backend.tests.test_admin_customer_crud" name="test_edit_customer" time="0.154" /><testcase classname="backend.tests.test_admin_customer_crud" name="test_edit_password" time="0.687" /><testcase classname="backend.tests.test_admin_customer_crud" name="test_impersonate_customer" time="0.119" /><testcase classname="backend.tests.test_admin_customer_crud" name="test_delete_customer" time="0.099" /><testcase classname="backend.tests.test_admin_customer_crud" name="test_impersonate_after_delete_404" time="0.118" /><testcase classname="backend.tests.test_admin_customer_crud" name="test_login_fails_after_delete" time="0.000" /></testsuite></testsuites>