<?xml version="1.0" encoding="utf-8"?><testsuites name="pytest tests"><testsuite name="pytest" errors="0" failures="0" skipped="0" tests="7" time="1.167" timestamp="2026-03-25T02:53:32.806132+00:00" hostname="agent-env-8f539f23-70fe-41b5-b953-8eb564c33341"><testcase classname="backend.tests.test_ai_products_feature_flag.TestPublicFeatureFlags" name="test_public_feature_flags_returns_ai_products" time="0.226" /><testcase classname="backend.tests.test_ai_products_feature_flag.TestPublicFeatureFlags" name="test_public_feature_flags_returns_all_expected_keys" time="0.154" /><testcase classname="backend.tests.test_ai_products_feature_flag.TestPublicFeatureFlags" name="test_public_feature_flags_boolean_types" time="0.116" /><testcase classname="backend.tests.test_ai_products_feature_flag.TestAIProductLookupEndpoint" name="test_ai_product_lookup_requires_auth" time="0.103" /><testcase classname="backend.tests.test_ai_products_feature_flag.TestAIProductLookupEndpoint" name="test_ai_product_lookup_returns_403_when_disabled" time="0.223" /><testcase classname="backend.tests.test_ai_products_feature_flag.TestFeatureFlagConsistency" name="test_public_endpoint_accessible_without_auth" time="0.145" /><testcase classname="backend.tests.test_ai_products_feature_flag.TestFeatureFlagConsistency" name="test_admin_endpoint_requires_auth" time="0.120" /></testsuite></testsuites>