<?xml version="1.0" encoding="utf-8"?><testsuites name="pytest tests"><testsuite name="pytest" errors="0" failures="0" skipped="0" tests="9" time="2.511" timestamp="2026-03-25T06:08:22.871371+00:00" hostname="agent-env-8f539f23-70fe-41b5-b953-8eb564c33341"><testcase classname="backend.tests.test_appointment_location.TestAppointmentLocationBackend" name="test_create_appointment_with_physical_location" time="0.703" /><testcase classname="backend.tests.test_appointment_location.TestAppointmentLocationBackend" name="test_create_appointment_with_saysme_meeting" time="0.297" /><testcase classname="backend.tests.test_appointment_location.TestAppointmentLocationBackend" name="test_create_appointment_with_other_meeting_url" time="0.220" /><testcase classname="backend.tests.test_appointment_location.TestAppointmentLocationBackend" name="test_create_appointment_with_both_saysme_and_other" time="0.220" /><testcase classname="backend.tests.test_appointment_location.TestAppointmentLocationBackend" name="test_multiple_appointments_different_types" time="0.187" /><testcase classname="backend.tests.test_appointment_location.TestAppointmentLocationBackend" name="test_appointment_notifications_sent_in_response" time="0.146" /><testcase classname="backend.tests.test_appointment_location.TestAppointmentLocationBackend" name="test_no_regression_tasks_section" time="0.225" /><testcase classname="backend.tests.test_appointment_location.TestAppointmentLocationBackend" name="test_no_regression_notes_section" time="0.229" /><testcase classname="backend.tests.test_appointment_location.TestAppointmentLocationBackend" name="test_no_regression_payments_section" time="0.205" /></testsuite></testsuites>