<?xml version="1.0" encoding="utf-8"?><testsuites name="pytest tests"><testsuite name="pytest" errors="0" failures="0" skipped="0" tests="11" time="2.428" timestamp="2026-07-26T02:56:05.710205+00:00" hostname="agent-env-78632c40-96b6-4631-b54c-756edfbea0c2"><testcase classname="backend.tests.test_booking_events_tracking.TestPublicActivitiesListingFields" name="test_sunset_sail_has_card_fields" time="0.210" /><testcase classname="backend.tests.test_booking_events_tracking.TestPublicActivitiesListingFields" name="test_category_filtered_listing_returns_activity" time="0.045" /><testcase classname="backend.tests.test_booking_events_tracking.TestPublicActivitiesListingFields" name="test_seller_filtered_listing_returns_activity" time="0.047" /><testcase classname="backend.tests.test_booking_events_tracking.TestBookingEventTrackingPublic" name="test_track_book_now_click_event" time="0.044" /><testcase classname="backend.tests.test_booking_events_tracking.TestBookingEventTrackingPublic" name="test_track_full_funnel_sequence_external_redirect" time="0.093" /><testcase classname="backend.tests.test_booking_events_tracking.TestBookingEventTrackingPublic" name="test_track_full_funnel_sequence_drawer_with_duration" time="0.174" /><testcase classname="backend.tests.test_booking_events_tracking.TestBookingEventTrackingPublic" name="test_missing_required_field_activity_id_rejected" time="0.045" /><testcase classname="backend.tests.test_booking_events_tracking.TestBookingEventsSummaryAdmin" name="test_summary_requires_auth" time="0.047" /><testcase classname="backend.tests.test_booking_events_tracking.TestBookingEventsSummaryAdmin" name="test_summary_returns_expected_shape" time="0.346" /><testcase classname="backend.tests.test_booking_events_tracking.TestBookingEventsSummaryAdmin" name="test_summary_reflects_newly_tracked_events" time="0.641" /><testcase classname="backend.tests.test_booking_events_tracking.TestBookingEventsSummaryAdmin" name="test_engaged_20s_plus_counts_only_long_durations" time="0.680" /></testsuite></testsuites>