<?xml version="1.0" encoding="utf-8"?><testsuites name="pytest tests"><testsuite name="pytest" errors="0" failures="0" skipped="0" tests="12" time="4.827" timestamp="2026-03-25T08:09:57.222667+00:00" hostname="agent-env-935f9096-4336-4735-8656-ff60960014b2"><testcase classname="backend.tests.test_booking_module.TestBookingModule" name="test_01_login_success" time="0.430" /><testcase classname="backend.tests.test_booking_module.TestBookingModule" name="test_02_get_booking_settings" time="0.439" /><testcase classname="backend.tests.test_booking_module.TestBookingModule" name="test_03_save_booking_settings" time="0.476" /><testcase classname="backend.tests.test_booking_module.TestBookingModule" name="test_04_get_booking_link" time="0.376" /><testcase classname="backend.tests.test_booking_module.TestBookingModule" name="test_05_get_my_bookings" time="0.391" /><testcase classname="backend.tests.test_booking_module.TestBookingModule" name="test_06_send_meeting_invite" time="0.392" /><testcase classname="backend.tests.test_booking_module.TestBookingModule" name="test_07_get_public_booking_page" time="0.469" /><testcase classname="backend.tests.test_booking_module.TestBookingModule" name="test_08_get_available_slots" time="0.489" /><testcase classname="backend.tests.test_booking_module.TestBookingModule" name="test_09_create_public_booking" time="0.494" /><testcase classname="backend.tests.test_booking_module.TestBookingModule" name="test_10_cancel_booking" time="0.548" /><testcase classname="backend.tests.test_booking_module.TestBookingModule" name="test_11_invalid_booking_slug_returns_404" time="0.138" /><testcase classname="backend.tests.test_booking_module.TestBookingModule" name="test_12_booking_settings_unauthenticated_returns_401" time="0.094" /></testsuite></testsuites>