<?xml version="1.0" encoding="utf-8"?><testsuites name="pytest tests"><testsuite name="pytest" errors="0" failures="0" skipped="0" tests="13" time="2.489" timestamp="2026-03-25T08:53:25.460712+00:00" hostname="agent-env-935f9096-4336-4735-8656-ff60960014b2"><testcase classname="backend.tests.test_booking_location_meeting.TestBookingLocationFeatures" name="test_get_booking_settings_has_location_fields" time="0.537" /><testcase classname="backend.tests.test_booking_location_meeting.TestBookingLocationFeatures" name="test_save_booking_settings_with_physical_location" time="0.207" /><testcase classname="backend.tests.test_booking_location_meeting.TestBookingLocationFeatures" name="test_save_booking_settings_with_online_location" time="0.247" /><testcase classname="backend.tests.test_booking_location_meeting.TestBookingLocationFeatures" name="test_invite_with_physical_location" time="0.117" /><testcase classname="backend.tests.test_booking_location_meeting.TestBookingLocationFeatures" name="test_invite_with_saysme_online" time="0.103" /><testcase classname="backend.tests.test_booking_location_meeting.TestBookingLocationFeatures" name="test_invite_with_other_meeting_url" time="0.112" /><testcase classname="backend.tests.test_booking_location_meeting.TestBookingLocationFeatures" name="test_invite_mutual_exclusivity_saysme_other" time="0.101" /><testcase classname="backend.tests.test_booking_location_meeting.TestBookingLocationFeatures" name="test_public_booking_get_returns_location_defaults" time="0.139" /><testcase classname="backend.tests.test_booking_location_meeting.TestBookingLocationFeatures" name="test_public_booking_post_with_physical_location" time="0.205" /><testcase classname="backend.tests.test_booking_location_meeting.TestBookingLocationFeatures" name="test_public_booking_post_with_saysme_online" time="0.195" /><testcase classname="backend.tests.test_booking_location_meeting.TestBookingLocationFeatures" name="test_public_booking_post_with_other_meeting_url" time="0.095" /><testcase classname="backend.tests.test_booking_location_meeting.TestBookingLocationFeatures" name="test_my_bookings_includes_location_fields" time="0.101" /><testcase classname="backend.tests.test_booking_location_meeting.TestBookingLocationFeatures" name="test_admin_meetings_includes_location_fields" time="0.228" /></testsuite></testsuites>