<?xml version="1.0" encoding="utf-8"?><testsuites name="pytest tests"><testsuite name="pytest" errors="0" failures="0" skipped="0" tests="13" time="1.708" timestamp="2026-03-25T03:20:54.817205+00:00" hostname="agent-env-8f539f23-70fe-41b5-b953-8eb564c33341"><testcase classname="backend.tests.test_cart_feature_flag.TestPublicFeatureFlags" name="test_public_feature_flags_returns_cart_enabled" time="0.147" /><testcase classname="backend.tests.test_cart_feature_flag.TestPublicFeatureFlags" name="test_public_feature_flags_returns_pawn_checkout" time="0.160" /><testcase classname="backend.tests.test_cart_feature_flag.TestPublicFeatureFlags" name="test_public_feature_flags_returns_all_expected_keys" time="0.104" /><testcase classname="backend.tests.test_cart_feature_flag.TestPublicFeatureFlags" name="test_public_feature_flags_no_auth_required" time="0.105" /><testcase classname="backend.tests.test_cart_feature_flag.TestCatalogModeBehavior" name="test_products_endpoint_accessible_in_catalog_mode" time="0.110" /><testcase classname="backend.tests.test_cart_feature_flag.TestCatalogModeBehavior" name="test_categories_endpoint_accessible_in_catalog_mode" time="0.160" /><testcase classname="backend.tests.test_cart_feature_flag.TestFeatureFlagDefaults" name="test_cart_enabled_default_is_true" time="0.128" /><testcase classname="backend.tests.test_cart_feature_flag.TestFeatureFlagDefaults" name="test_pawn_checkout_default_is_true" time="0.127" /><testcase classname="backend.tests.test_cart_feature_flag.TestExistingFlagsNoRegression" name="test_coming_soon_enabled_present" time="0.125" /><testcase classname="backend.tests.test_cart_feature_flag.TestExistingFlagsNoRegression" name="test_left_menu_enabled_present" time="0.109" /><testcase classname="backend.tests.test_cart_feature_flag.TestExistingFlagsNoRegression" name="test_ai_products_present" time="0.122" /><testcase classname="backend.tests.test_cart_feature_flag.TestExistingFlagsNoRegression" name="test_printful_yoycol_flags_present" time="0.105" /><testcase classname="backend.tests.test_cart_feature_flag.TestExistingFlagsNoRegression" name="test_owner_chat_flags_present" time="0.142" /></testsuite></testsuites>