<?xml version="1.0" encoding="utf-8"?><testsuites name="pytest tests"><testsuite name="pytest" errors="0" failures="0" skipped="0" tests="18" time="2.340" timestamp="2026-03-06T06:55:38.310970+00:00" hostname="agent-env-98430685-b149-4036-9846-591f3fc2b4a3"><testcase classname="backend.tests.test_cashapp_venmo_payments.TestCashAppVenmoPublicSettings" name="test_get_public_settings_returns_200" time="0.134" /><testcase classname="backend.tests.test_cashapp_venmo_payments.TestCashAppVenmoPublicSettings" name="test_public_settings_has_required_fields" time="0.107" /><testcase classname="backend.tests.test_cashapp_venmo_payments.TestCashAppVenmoPublicSettings" name="test_cashapp_and_venmo_are_enabled" time="0.098" /><testcase classname="backend.tests.test_cashapp_venmo_payments.TestCashAppVenmoPublicSettings" name="test_public_settings_does_not_expose_ids" time="0.105" /><testcase classname="backend.tests.test_cashapp_venmo_payments.TestCashAppVenmoAdminSettings" name="test_get_admin_settings_returns_200" time="0.096" /><testcase classname="backend.tests.test_cashapp_venmo_payments.TestCashAppVenmoAdminSettings" name="test_admin_settings_has_configured_ids" time="0.108" /><testcase classname="backend.tests.test_cashapp_venmo_payments.TestCashAppVenmoAdminSettings" name="test_update_settings_returns_200" time="0.094" /><testcase classname="backend.tests.test_cashapp_venmo_payments.TestCashAppVenmoAdminSettings" name="test_update_settings_persists_changes" time="0.311" /><testcase classname="backend.tests.test_cashapp_venmo_payments.TestCashAppOrderCreation" name="test_create_order_with_cashapp_returns_success" time="0.104" /><testcase classname="backend.tests.test_cashapp_venmo_payments.TestCashAppOrderCreation" name="test_cashapp_order_has_awaiting_payment_status" time="0.110" /><testcase classname="backend.tests.test_cashapp_venmo_payments.TestCashAppOrderCreation" name="test_cashapp_order_includes_payment_id" time="0.104" /><testcase classname="backend.tests.test_cashapp_venmo_payments.TestVenmoOrderCreation" name="test_create_order_with_venmo_returns_success" time="0.100" /><testcase classname="backend.tests.test_cashapp_venmo_payments.TestVenmoOrderCreation" name="test_venmo_order_has_awaiting_payment_status" time="0.181" /><testcase classname="backend.tests.test_cashapp_venmo_payments.TestVenmoOrderCreation" name="test_venmo_order_includes_payment_id" time="0.119" /><testcase classname="backend.tests.test_cashapp_venmo_payments.TestOrderRetrieval" name="test_get_order_by_id" time="0.207" /><testcase classname="backend.tests.test_cashapp_venmo_payments.TestOrderRetrieval" name="test_get_orders_list" time="0.105" /><testcase classname="backend.tests.test_cashapp_venmo_payments.TestProductsAPI" name="test_get_products_returns_200" time="0.108" /><testcase classname="backend.tests.test_cashapp_venmo_payments.TestProductsAPI" name="test_products_have_required_fields" time="0.095" /></testsuite></testsuites>