<?xml version="1.0" encoding="utf-8"?><testsuites name="pytest tests"><testsuite name="pytest" errors="0" failures="0" skipped="0" tests="5" time="2.189" timestamp="2026-07-17T17:55:01.433849+00:00" hostname="agent-env-a44ee779-93ae-4197-b1c8-cbc752dff0da"><testcase classname="backend.tests.test_categories_delete" name="test_login_ok" time="0.535" /><testcase classname="backend.tests.test_categories_delete" name="test_categories_list_ok" time="0.108" /><testcase classname="backend.tests.test_categories_delete" name="test_delete_category_strips_products_and_no_respawn" time="0.474" /><testcase classname="backend.tests.test_categories_delete" name="test_reorder_endpoint_ok" time="0.265" /><testcase classname="backend.tests.test_categories_delete" name="test_reorder_can_nest_category" time="0.727" /></testsuite></testsuites>