<?xml version="1.0" encoding="utf-8"?><testsuites name="pytest tests"><testsuite name="pytest" errors="0" failures="0" skipped="0" tests="6" time="1.474" timestamp="2026-03-16T02:03:59.846350+00:00" hostname="agent-env-f270cae3-4b74-42bc-be10-77728d2f5f28"><testcase classname="backend.tests.test_chat_sound_betty_updates.TestChatBettyWelcomeMessage" name="test_chat_start_welcome_message_says_betty" time="0.258" /><testcase classname="backend.tests.test_chat_sound_betty_updates.TestChatBettyWelcomeMessage" name="test_chat_start_message_format" time="0.254" /><testcase classname="backend.tests.test_chat_sound_betty_updates.TestChatSoundURLConfiguration" name="test_sound_url_is_valid" time="0.126" /><testcase classname="backend.tests.test_chat_sound_betty_updates.TestChatAvailabilityEndpoint" name="test_public_availability_returns_ai_flag" time="0.159" /><testcase classname="backend.tests.test_chat_sound_betty_updates.TestChatRequestHuman" name="test_request_human_changes_status" time="0.286" /><testcase classname="backend.tests.test_chat_sound_betty_updates.TestChatHistoryShowsBetty" name="test_ai_messages_associated_with_betty" time="0.311" /></testsuite></testsuites>