<?xml version="1.0" encoding="utf-8"?><testsuites name="pytest tests"><testsuite name="pytest" errors="0" failures="0" skipped="0" tests="17" time="11.793" timestamp="2026-03-08T06:07:56.181324+00:00" hostname="agent-env-43aeda23-6e4e-4d76-900e-2b7924df5fe5"><testcase classname="backend.tests.test_chat_system.TestChatPublicEndpoints" name="test_start_chat_session" time="0.138" /><testcase classname="backend.tests.test_chat_system.TestChatPublicEndpoints" name="test_send_message_and_get_ai_response" time="2.624" /><testcase classname="backend.tests.test_chat_system.TestChatPublicEndpoints" name="test_request_human_agent" time="0.194" /><testcase classname="backend.tests.test_chat_system.TestChatPublicEndpoints" name="test_get_chat_history" time="0.161" /><testcase classname="backend.tests.test_chat_system.TestChatPublicEndpoints" name="test_request_callback" time="0.179" /><testcase classname="backend.tests.test_chat_system.TestChatPublicEndpoints" name="test_invalid_session_returns_404" time="0.104" /><testcase classname="backend.tests.test_chat_system.TestChatAdminEndpoints" name="test_get_chat_stats" time="0.408" /><testcase classname="backend.tests.test_chat_system.TestChatAdminEndpoints" name="test_get_dashboard" time="0.383" /><testcase classname="backend.tests.test_chat_system.TestChatAdminEndpoints" name="test_get_pending_chats" time="0.424" /><testcase classname="backend.tests.test_chat_system.TestChatAdminEndpoints" name="test_get_active_chats" time="0.380" /><testcase classname="backend.tests.test_chat_system.TestChatAdminEndpoints" name="test_join_chat_as_agent" time="0.547" /><testcase classname="backend.tests.test_chat_system.TestChatAdminEndpoints" name="test_send_agent_message" time="0.607" /><testcase classname="backend.tests.test_chat_system.TestChatAdminEndpoints" name="test_close_chat" time="0.617" /><testcase classname="backend.tests.test_chat_system.TestChatAdminEndpoints" name="test_set_availability" time="0.438" /><testcase classname="backend.tests.test_chat_system.TestChatAdminEndpoints" name="test_get_availability" time="0.403" /><testcase classname="backend.tests.test_chat_system.TestChatAdminEndpoints" name="test_unauthorized_access" time="0.452" /><testcase classname="backend.tests.test_chat_system.TestChatAIIntegration" name="test_ai_response_quality" time="3.657" /></testsuite></testsuites>