<?xml version="1.0" encoding="utf-8"?><testsuites name="pytest tests"><testsuite name="pytest" errors="0" failures="0" skipped="0" tests="13" time="3.642" timestamp="2026-03-16T01:11:22.138618+00:00" hostname="agent-env-f270cae3-4b74-42bc-be10-77728d2f5f28"><testcase classname="backend.tests.test_chat_live_rep_offline_fallback.TestPublicAvailabilityEndpoint" name="test_public_availability_returns_feature_flags" time="0.129" /><testcase classname="backend.tests.test_chat_live_rep_offline_fallback.TestPublicAvailabilityEndpoint" name="test_public_availability_returns_boolean_flags" time="0.150" /><testcase classname="backend.tests.test_chat_live_rep_offline_fallback.TestAdminLiveRepSwitch" name="test_set_availability_online" time="0.483" /><testcase classname="backend.tests.test_chat_live_rep_offline_fallback.TestAdminLiveRepSwitch" name="test_set_availability_offline" time="0.131" /><testcase classname="backend.tests.test_chat_live_rep_offline_fallback.TestAdminLiveRepSwitch" name="test_get_availability" time="0.136" /><testcase classname="backend.tests.test_chat_live_rep_offline_fallback.TestAIDisabledBehavior" name="test_chat_message_with_ai_disabled" time="0.913" /><testcase classname="backend.tests.test_chat_live_rep_offline_fallback.TestAIDisabledBehavior" name="test_restore_ai_enabled" time="0.251" /><testcase classname="backend.tests.test_chat_live_rep_offline_fallback.TestOfflineFallbackLeadCreation" name="test_create_lead_with_offline_source" time="0.180" /><testcase classname="backend.tests.test_chat_live_rep_offline_fallback.TestOfflineFallbackLeadCreation" name="test_offline_lead_appears_in_opportunity_column" time="0.274" /><testcase classname="backend.tests.test_chat_live_rep_offline_fallback.TestOfflineFallbackLeadCreation" name="test_offline_lead_requires_email" time="0.129" /><testcase classname="backend.tests.test_chat_live_rep_offline_fallback.TestOfflineFallbackLeadCreation" name="test_offline_lead_with_valid_email" time="0.162" /><testcase classname="backend.tests.test_chat_live_rep_offline_fallback.TestFeatureFlagsAffectAvailability" name="test_availability_when_owner_chat_disabled" time="0.371" /><testcase classname="backend.tests.test_chat_live_rep_offline_fallback.TestFeatureFlagsAffectAvailability" name="test_restore_feature_flags" time="0.276" /></testsuite></testsuites>