<?xml version="1.0" encoding="utf-8"?><testsuites name="pytest tests"><testsuite name="pytest" errors="0" failures="0" skipped="0" tests="7" time="2.595" timestamp="2026-03-07T19:56:00.137599+00:00" hostname="agent-env-fd6793f3-1257-4c36-b83a-2d672d9e2b42"><testcase classname="backend.tests.test_commission.TestCommissionSettings" name="test_get_commission_settings" time="0.228" /><testcase classname="backend.tests.test_commission.TestCommissionSettings" name="test_update_commission_percentage" time="0.540" /><testcase classname="backend.tests.test_commission.TestCommissionSettings" name="test_toggle_commission_enabled" time="0.531" /><testcase classname="backend.tests.test_commission.TestCommissionSettings" name="test_commission_with_accounting_data" time="0.223" /><testcase classname="backend.tests.test_commission.TestCommissionSettings" name="test_invalid_commission_percentage" time="0.366" /><testcase classname="backend.tests.test_commission.TestCommissionSettings" name="test_visible_to_roles_update" time="0.477" /><testcase classname="backend.tests.test_commission.TestAccountingDashboardWithCommission" name="test_accounting_stats_endpoint" time="0.118" /></testsuite></testsuites>