<?xml version="1.0" encoding="utf-8"?><testsuites name="pytest tests"><testsuite name="pytest" errors="0" failures="0" skipped="0" tests="15" time="2.773" timestamp="2026-03-25T07:54:16.177720+00:00" hostname="agent-env-935f9096-4336-4735-8656-ff60960014b2"><testcase classname="backend.tests.test_contacts_calendar_extended.TestContactsImportExport" name="test_import_contacts_json" time="0.523" /><testcase classname="backend.tests.test_contacts_calendar_extended.TestContactsImportExport" name="test_export_contacts_json" time="0.094" /><testcase classname="backend.tests.test_contacts_calendar_extended.TestContactsImportExport" name="test_export_contacts_csv" time="0.096" /><testcase classname="backend.tests.test_contacts_calendar_extended.TestContactsImportExport" name="test_export_contacts_vcf" time="0.114" /><testcase classname="backend.tests.test_contacts_calendar_extended.TestContactsImportExport" name="test_import_with_skip_duplicates" time="0.194" /><testcase classname="backend.tests.test_contacts_calendar_extended.TestCalendarEventsQuery" name="test_get_or_create_calendar" time="0.100" /><testcase classname="backend.tests.test_contacts_calendar_extended.TestCalendarEventsQuery" name="test_create_events_for_query" time="0.413" /><testcase classname="backend.tests.test_contacts_calendar_extended.TestCalendarEventsQuery" name="test_query_events_with_date_range" time="0.101" /><testcase classname="backend.tests.test_contacts_calendar_extended.TestCalendarEventsQuery" name="test_query_events_with_calendar_ids" time="0.102" /><testcase classname="backend.tests.test_contacts_calendar_extended.TestCalendarEventsQuery" name="test_query_events_with_multiple_calendar_ids" time="0.197" /><testcase classname="backend.tests.test_contacts_calendar_extended.TestCalendarEventsQuery" name="test_query_events_combined_filters" time="0.095" /><testcase classname="backend.tests.test_contacts_calendar_extended.TestCalendarEventsQuery" name="test_delete_calendar_events" time="0.382" /><testcase classname="backend.tests.test_contacts_calendar_extended.TestCalendarDelete" name="test_create_calendar_for_delete" time="0.096" /><testcase classname="backend.tests.test_contacts_calendar_extended.TestCalendarDelete" name="test_delete_calendar" time="0.095" /><testcase classname="backend.tests.test_contacts_calendar_extended.TestCalendarDelete" name="test_delete_nonexistent_calendar" time="0.101" /></testsuite></testsuites>