<?xml version="1.0" encoding="utf-8"?><testsuites name="pytest tests"><testsuite name="pytest" errors="0" failures="0" skipped="0" tests="7" time="2.568" timestamp="2026-03-25T10:25:30.510728+00:00" hostname="agent-env-935f9096-4336-4735-8656-ff60960014b2"><testcase classname="backend.tests.test_create_opportunity_button.TestCreateOpportunityFeature" name="test_create_opportunity_with_required_fields" time="0.737" /><testcase classname="backend.tests.test_create_opportunity_button.TestCreateOpportunityFeature" name="test_created_opportunity_appears_in_opportunity_column" time="0.159" /><testcase classname="backend.tests.test_create_opportunity_button.TestCreateOpportunityFeature" name="test_create_opportunity_with_all_optional_fields" time="0.145" /><testcase classname="backend.tests.test_create_opportunity_button.TestCreateOpportunityFeature" name="test_edit_existing_opportunity_via_put" time="0.202" /><testcase classname="backend.tests.test_create_opportunity_button.TestCreateOpportunityFeature" name="test_drag_drop_status_update_still_works" time="0.546" /><testcase classname="backend.tests.test_create_opportunity_button.TestCreateOpportunityFeature" name="test_delete_opportunity_still_works" time="0.152" /><testcase classname="backend.tests.test_create_opportunity_button.TestCreateOpportunityFeature" name="test_convert_to_client_still_works" time="0.536" /></testsuite></testsuites>