<?xml version="1.0" encoding="utf-8"?><testsuites name="pytest tests"><testsuite name="pytest" errors="0" failures="0" skipped="0" tests="13" time="9.395" timestamp="2026-03-15T17:15:11.172172+00:00" hostname="agent-env-f270cae3-4b74-42bc-be10-77728d2f5f28"><testcase classname="backend.tests.test_csv_product_import.TestCSVProductImport" name="test_csv_import_basic_success" time="0.902" /><testcase classname="backend.tests.test_csv_product_import.TestCSVProductImport" name="test_csv_import_missing_required_columns" time="0.601" /><testcase classname="backend.tests.test_csv_product_import.TestCSVProductImport" name="test_csv_import_missing_name_value" time="0.609" /><testcase classname="backend.tests.test_csv_product_import.TestCSVProductImport" name="test_csv_import_invalid_price" time="0.599" /><testcase classname="backend.tests.test_csv_product_import.TestCSVProductImport" name="test_csv_import_missing_category_value" time="0.551" /><testcase classname="backend.tests.test_csv_product_import.TestCSVProductImport" name="test_csv_import_multi_category_comma" time="0.929" /><testcase classname="backend.tests.test_csv_product_import.TestCSVProductImport" name="test_csv_import_multi_category_pipe" time="1.075" /><testcase classname="backend.tests.test_csv_product_import.TestCSVProductImport" name="test_csv_import_auto_creates_categories" time="0.689" /><testcase classname="backend.tests.test_csv_product_import.TestCSVProductImport" name="test_csv_import_duplicate_sku_skipped" time="0.961" /><testcase classname="backend.tests.test_csv_product_import.TestCSVProductImport" name="test_csv_import_empty_file" time="0.561" /><testcase classname="backend.tests.test_csv_product_import.TestCSVProductImport" name="test_csv_import_non_csv_rejected" time="0.592" /><testcase classname="backend.tests.test_csv_product_import.TestCSVProductImport" name="test_csv_import_requires_auth" time="0.598" /><testcase classname="backend.tests.test_csv_product_import.TestCSVProductImport" name="test_csv_import_response_structure" time="0.646" /></testsuite></testsuites>