<?xml version="1.0" encoding="utf-8"?><testsuites name="pytest tests"><testsuite name="pytest" errors="0" failures="0" skipped="0" tests="10" time="3.897" timestamp="2026-03-16T00:10:21.430160+00:00" hostname="agent-env-f270cae3-4b74-42bc-be10-77728d2f5f28"><testcase classname="backend.tests.test_customer_impersonation.TestCustomerImpersonation" name="test_create_test_customer_first_time" time="0.647" /><testcase classname="backend.tests.test_customer_impersonation.TestCustomerImpersonation" name="test_create_test_customer_no_duplicate" time="0.285" /><testcase classname="backend.tests.test_customer_impersonation.TestCustomerImpersonation" name="test_test_customer_appears_in_customers_list" time="0.347" /><testcase classname="backend.tests.test_customer_impersonation.TestCustomerImpersonation" name="test_impersonate_customer_success" time="0.363" /><testcase classname="backend.tests.test_customer_impersonation.TestCustomerImpersonation" name="test_impersonate_customer_token_works" time="0.472" /><testcase classname="backend.tests.test_customer_impersonation.TestCustomerImpersonation" name="test_impersonate_nonexistent_customer_404" time="0.137" /><testcase classname="backend.tests.test_customer_impersonation.TestCustomerImpersonation" name="test_create_test_customer_requires_admin" time="0.125" /><testcase classname="backend.tests.test_customer_impersonation.TestCustomerImpersonation" name="test_impersonate_requires_admin" time="0.141" /><testcase classname="backend.tests.test_customer_impersonation.TestCustomerImpersonation" name="test_non_admin_cannot_impersonate" time="0.640" /><testcase classname="backend.tests.test_customer_impersonation.TestCustomerImpersonation" name="test_non_admin_cannot_create_test_customer" time="0.665" /></testsuite></testsuites>