<?xml version="1.0" encoding="utf-8"?><testsuites name="pytest tests"><testsuite name="pytest" errors="0" failures="0" skipped="0" tests="13" time="2.597" timestamp="2026-03-25T04:07:45.065590+00:00" hostname="agent-env-8f539f23-70fe-41b5-b953-8eb564c33341"><testcase classname="backend.tests.test_customer_staff_separation.TestCustomerStaffSeparation" name="test_users_customers_returns_200" time="0.544" /><testcase classname="backend.tests.test_customer_staff_separation.TestCustomerStaffSeparation" name="test_users_customers_excludes_admin_users" time="0.133" /><testcase classname="backend.tests.test_customer_staff_separation.TestCustomerStaffSeparation" name="test_users_customers_only_has_user_role" time="0.112" /><testcase classname="backend.tests.test_customer_staff_separation.TestCustomerStaffSeparation" name="test_users_staff_returns_200" time="0.099" /><testcase classname="backend.tests.test_customer_staff_separation.TestCustomerStaffSeparation" name="test_users_staff_includes_admin_users" time="0.103" /><testcase classname="backend.tests.test_customer_staff_separation.TestCustomerStaffSeparation" name="test_users_staff_has_valid_roles" time="0.119" /><testcase classname="backend.tests.test_customer_staff_separation.TestCustomerStaffSeparation" name="test_users_staff_admin_mapped_to_store_owner" time="0.096" /><testcase classname="backend.tests.test_customer_staff_separation.TestCustomerStaffSeparation" name="test_store_customers_requires_auth" time="0.102" /><testcase classname="backend.tests.test_customer_staff_separation.TestCustomerStaffSeparation" name="test_store_customers_returns_200_with_auth" time="0.108" /><testcase classname="backend.tests.test_customer_staff_separation.TestCustomerStaffSeparation" name="test_store_customers_excludes_admin_linked_users" time="0.104" /><testcase classname="backend.tests.test_customer_staff_separation.TestCustomerStaffSeparation" name="test_no_overlap_between_customers_and_staff" time="0.258" /><testcase classname="backend.tests.test_customer_staff_separation.TestCustomerStaffSeparation" name="test_test_customer_in_customers_not_staff" time="0.229" /><testcase classname="backend.tests.test_customer_staff_separation.TestCustomerDashboardAPI" name="test_customer_dashboard_endpoint_exists" time="0.525" /></testsuite></testsuites>