<?xml version="1.0" encoding="utf-8"?><testsuites name="pytest tests"><testsuite name="pytest" errors="0" failures="0" skipped="0" tests="11" time="5.432" timestamp="2026-03-08T23:08:26.300772+00:00" hostname="agent-env-61450999-cfbd-4c3c-a53a-ecf6565cc43f"><testcase classname="backend.tests.test_discount_coupons.TestDiscountValidation" name="test_validate_existing_discount_code" time="0.173" /><testcase classname="backend.tests.test_discount_coupons.TestDiscountValidation" name="test_validate_percentage_calculation" time="0.126" /><testcase classname="backend.tests.test_discount_coupons.TestDiscountValidation" name="test_invalid_discount_code" time="0.100" /><testcase classname="backend.tests.test_discount_coupons.TestDiscountValidation" name="test_discount_code_case_insensitive" time="0.406" /><testcase classname="backend.tests.test_discount_coupons.TestDiscountCRUD" name="test_list_discounts_authenticated" time="0.509" /><testcase classname="backend.tests.test_discount_coupons.TestDiscountCRUD" name="test_list_discounts_unauthenticated" time="0.504" /><testcase classname="backend.tests.test_discount_coupons.TestDiscountCRUD" name="test_create_percentage_discount" time="0.569" /><testcase classname="backend.tests.test_discount_coupons.TestDiscountCRUD" name="test_create_fixed_discount" time="0.744" /><testcase classname="backend.tests.test_discount_coupons.TestDiscountCRUD" name="test_min_order_amount_validation" time="0.803" /><testcase classname="backend.tests.test_discount_coupons.TestDiscountCRUD" name="test_delete_discount" time="0.709" /><testcase classname="backend.tests.test_discount_coupons.TestFixedDiscountLimits" name="test_fixed_discount_not_exceed_order_total" time="0.719" /></testsuite></testsuites>