<?xml version="1.0" encoding="utf-8"?><testsuites name="pytest tests"><testsuite name="pytest" errors="0" failures="0" skipped="0" tests="14" time="2.525" timestamp="2026-07-03T08:44:13.762592+00:00" hostname="agent-env-412b9ec3-454a-4320-bad8-368cad78d015"><testcase classname="backend.tests.test_email_templates_logo" name="test_get_all_templates_uses_dynamic_logo" time="0.340" /><testcase classname="backend.tests.test_email_templates_logo" name="test_get_single_template_uses_dynamic_logo[order_confirmation]" time="0.137" /><testcase classname="backend.tests.test_email_templates_logo" name="test_get_single_template_uses_dynamic_logo[shipping_confirmation]" time="0.134" /><testcase classname="backend.tests.test_email_templates_logo" name="test_get_single_template_uses_dynamic_logo[welcome_email]" time="0.130" /><testcase classname="backend.tests.test_email_templates_logo" name="test_get_single_template_uses_dynamic_logo[password_reset]" time="0.105" /><testcase classname="backend.tests.test_email_templates_logo" name="test_get_single_template_uses_dynamic_logo[order_status_update]" time="0.106" /><testcase classname="backend.tests.test_email_templates_logo" name="test_get_single_template_uses_dynamic_logo[abandoned_cart]" time="0.133" /><testcase classname="backend.tests.test_email_templates_logo" name="test_preview_uses_dynamic_logo[order_confirmation]" time="0.108" /><testcase classname="backend.tests.test_email_templates_logo" name="test_preview_uses_dynamic_logo[shipping_confirmation]" time="0.104" /><testcase classname="backend.tests.test_email_templates_logo" name="test_preview_uses_dynamic_logo[welcome_email]" time="0.108" /><testcase classname="backend.tests.test_email_templates_logo" name="test_preview_uses_dynamic_logo[password_reset]" time="0.100" /><testcase classname="backend.tests.test_email_templates_logo" name="test_preview_uses_dynamic_logo[order_status_update]" time="0.099" /><testcase classname="backend.tests.test_email_templates_logo" name="test_preview_uses_dynamic_logo[abandoned_cart]" time="0.103" /><testcase classname="backend.tests.test_email_templates_logo" name="test_preview_reflects_updated_logo" time="0.731" /></testsuite></testsuites>