<?xml version="1.0" encoding="utf-8"?><testsuites name="pytest tests"><testsuite name="pytest" errors="0" failures="0" skipped="0" tests="7" time="1.065" timestamp="2026-06-27T07:05:21.555568+00:00" hostname="agent-env-7bf99acb-023f-42d0-9069-502ee3e8c508"><testcase classname="backend.tests.test_event_center_phase2" name="test_paypal_config_disabled" time="0.154" /><testcase classname="backend.tests.test_event_center_phase2" name="test_public_events_list_contains_free" time="0.047" /><testcase classname="backend.tests.test_event_center_phase2" name="test_public_event_detail" time="0.049" /><testcase classname="backend.tests.test_event_center_phase2" name="test_free_registration_full_flow" time="0.211" /><testcase classname="backend.tests.test_event_center_phase2" name="test_paid_path_returns_503" time="0.443" /><testcase classname="backend.tests.test_event_center_phase2" name="test_admin_resend_ticket" time="0.050" /><testcase classname="backend.tests.test_event_center_phase2" name="test_door_verify_real_ticket" time="0.046" /></testsuite></testsuites>