<?xml version="1.0" encoding="utf-8"?><testsuites name="pytest tests"><testsuite name="pytest" errors="0" failures="0" skipped="0" tests="10" time="3.189" timestamp="2026-06-27T06:39:01.338659+00:00" hostname="agent-env-7bf99acb-023f-42d0-9069-502ee3e8c508"><testcase classname="backend.tests.test_event_center" name="test_public_feature_flags_events_enabled" time="0.117" /><testcase classname="backend.tests.test_event_center" name="test_category_crud" time="0.672" /><testcase classname="backend.tests.test_event_center" name="test_category_requires_auth" time="0.094" /><testcase classname="backend.tests.test_event_center" name="test_venue_crud" time="0.289" /><testcase classname="backend.tests.test_event_center" name="test_event_create_with_ticket_types" time="0.196" /><testcase classname="backend.tests.test_event_center" name="test_event_list_filters" time="0.321" /><testcase classname="backend.tests.test_event_center" name="test_event_update" time="0.102" /><testcase classname="backend.tests.test_event_center" name="test_dashboard_stats" time="0.108" /><testcase classname="backend.tests.test_event_center" name="test_attendee_lifecycle" time="0.803" /><testcase classname="backend.tests.test_event_center" name="test_zz_cleanup" time="0.411" /></testsuite></testsuites>