<?xml version="1.0" encoding="utf-8"?><testsuites name="pytest tests"><testsuite name="pytest" errors="0" failures="0" skipped="0" tests="15" time="3.745" timestamp="2026-04-07T20:02:09.307026+00:00" hostname="agent-env-9bcf9008-1b86-4336-9992-f81d90c2ea91"><testcase classname="backend.tests.test_external_api_module.TestPipelinesCRUD" name="test_get_pipelines_returns_default" time="0.631" /><testcase classname="backend.tests.test_external_api_module.TestPipelinesCRUD" name="test_create_custom_pipeline" time="0.117" /><testcase classname="backend.tests.test_external_api_module.TestPipelinesCRUD" name="test_update_pipeline" time="0.334" /><testcase classname="backend.tests.test_external_api_module.TestPipelinesCRUD" name="test_delete_non_default_pipeline" time="0.259" /><testcase classname="backend.tests.test_external_api_module.TestPipelinesCRUD" name="test_cannot_delete_default_pipeline" time="0.234" /><testcase classname="backend.tests.test_external_api_module.TestExternalApiSourcesCRUD" name="test_get_sources_list" time="0.109" /><testcase classname="backend.tests.test_external_api_module.TestExternalApiSourcesCRUD" name="test_create_source_with_auto_token" time="0.108" /><testcase classname="backend.tests.test_external_api_module.TestExternalApiSourcesCRUD" name="test_update_source_toggle_active" time="0.435" /><testcase classname="backend.tests.test_external_api_module.TestExternalApiSourcesCRUD" name="test_regenerate_token" time="0.135" /><testcase classname="backend.tests.test_external_api_module.TestLeadIngestion" name="test_lead_ingestion_with_valid_auth" time="0.167" /><testcase classname="backend.tests.test_external_api_module.TestLeadIngestion" name="test_lead_ingestion_invalid_auth" time="0.265" /><testcase classname="backend.tests.test_external_api_module.TestLeadIngestion" name="test_lead_ingestion_increments_count" time="0.397" /><testcase classname="backend.tests.test_external_api_module.TestFeatureFlag" name="test_feature_flag_in_public_endpoint" time="0.104" /><testcase classname="backend.tests.test_external_api_module.TestFeatureFlag" name="test_feature_flag_in_admin_endpoint" time="0.107" /><testcase classname="backend.tests.test_external_api_module.TestCleanup" name="test_delete_test_source" time="0.226" /></testsuite></testsuites>