<?xml version="1.0" encoding="utf-8"?><testsuites name="pytest tests"><testsuite name="pytest" errors="0" failures="0" skipped="0" tests="11" time="2.709" timestamp="2026-03-15T19:17:07.025974+00:00" hostname="agent-env-f270cae3-4b74-42bc-be10-77728d2f5f28"><testcase classname="backend.tests.test_hero_media_settings.TestHeroMediaSettings" name="test_login_super_admin" time="0.432" /><testcase classname="backend.tests.test_hero_media_settings.TestHeroMediaSettings" name="test_public_hero_display_endpoint_exists" time="0.063" /><testcase classname="backend.tests.test_hero_media_settings.TestHeroMediaSettings" name="test_public_hero_display_returns_defaults_when_empty" time="0.061" /><testcase classname="backend.tests.test_hero_media_settings.TestHeroMediaSettings" name="test_admin_hero_display_requires_auth" time="0.155" /><testcase classname="backend.tests.test_hero_media_settings.TestHeroMediaSettings" name="test_get_admin_hero_display_settings" time="0.343" /><testcase classname="backend.tests.test_hero_media_settings.TestHeroMediaSettings" name="test_update_hero_display_settings" time="0.066" /><testcase classname="backend.tests.test_hero_media_settings.TestHeroMediaSettings" name="test_verify_hero_display_settings_persisted" time="0.066" /><testcase classname="backend.tests.test_hero_media_settings.TestHeroMediaSettings" name="test_public_endpoint_reflects_admin_changes" time="0.226" /><testcase classname="backend.tests.test_hero_media_settings.TestHeroMediaSettings" name="test_storage_upload_endpoint_exists" time="0.834" /><testcase classname="backend.tests.test_hero_media_settings.TestHeroMediaSettings" name="test_storage_upload_hero_video_folder" time="0.292" /><testcase classname="backend.tests.test_hero_media_settings.TestHeroMediaSettings" name="test_cleanup_restore_default_hero_settings" time="0.081" /></testsuite></testsuites>