<?xml version="1.0" encoding="utf-8"?><testsuites name="pytest tests"><testsuite name="pytest" errors="0" failures="0" skipped="0" tests="17" time="3.126" timestamp="2026-03-10T18:01:18.238188+00:00" hostname="agent-env-9aedecb9-8f36-4915-b92a-e02249e2b5e3"><testcase classname="backend.tests.test_johnny5_products_export.TestJohnny5ProductsList" name="test_products_list_returns_200" time="0.574" /><testcase classname="backend.tests.test_johnny5_products_export.TestJohnny5ProductsList" name="test_products_list_structure" time="0.132" /><testcase classname="backend.tests.test_johnny5_products_export.TestJohnny5ProductsList" name="test_products_list_search_filter" time="0.155" /><testcase classname="backend.tests.test_johnny5_products_export.TestJohnny5ProductsList" name="test_products_list_category_filter" time="0.270" /><testcase classname="backend.tests.test_johnny5_products_export.TestJohnny5ProductsList" name="test_products_list_stock_filter_in_stock" time="0.148" /><testcase classname="backend.tests.test_johnny5_products_export.TestJohnny5ProductsList" name="test_products_list_stock_filter_out_of_stock" time="0.163" /><testcase classname="backend.tests.test_johnny5_products_export.TestJohnny5ProductsList" name="test_products_list_pagination" time="0.268" /><testcase classname="backend.tests.test_johnny5_products_export.TestJohnny5ProductsExportCSV" name="test_csv_export_returns_200" time="0.129" /><testcase classname="backend.tests.test_johnny5_products_export.TestJohnny5ProductsExportCSV" name="test_csv_export_content_type" time="0.127" /><testcase classname="backend.tests.test_johnny5_products_export.TestJohnny5ProductsExportCSV" name="test_csv_export_content_disposition" time="0.142" /><testcase classname="backend.tests.test_johnny5_products_export.TestJohnny5ProductsExportCSV" name="test_csv_export_has_all_expected_fields" time="0.133" /><testcase classname="backend.tests.test_johnny5_products_export.TestJohnny5ProductsExportCSV" name="test_csv_export_has_valid_data" time="0.125" /><testcase classname="backend.tests.test_johnny5_products_export.TestJohnny5ProductsExportCSV" name="test_csv_export_options_as_separate_rows" time="0.135" /><testcase classname="backend.tests.test_johnny5_products_export.TestJohnny5ProductsExportCSV" name="test_csv_export_price_values" time="0.146" /><testcase classname="backend.tests.test_johnny5_products_export.TestJohnny5ProductsExportCSV" name="test_csv_export_in_stock_boolean" time="0.138" /><testcase classname="backend.tests.test_johnny5_products_export.TestJohnny5ProductsAuthentication" name="test_products_list_requires_auth" time="0.135" /><testcase classname="backend.tests.test_johnny5_products_export.TestJohnny5ProductsAuthentication" name="test_csv_export_requires_auth" time="0.123" /></testsuite></testsuites>