<?xml version="1.0" encoding="utf-8"?><testsuites name="pytest tests"><testsuite name="pytest" errors="0" failures="0" skipped="0" tests="9" time="1.636" timestamp="2026-03-08T03:21:11.711008+00:00" hostname="agent-env-ca0a5fe6-69e7-4f4b-88f6-ebe63700ae6c"><testcase classname="backend.tests.test_johnny5_labels.TestLabelPurchasing" name="test_get_orders_list" time="0.153" /><testcase classname="backend.tests.test_johnny5_labels.TestLabelPurchasing" name="test_purchase_label_creates_tracking" time="0.214" /><testcase classname="backend.tests.test_johnny5_labels.TestLabelPurchasing" name="test_batch_purchase_labels" time="0.170" /><testcase classname="backend.tests.test_johnny5_labels.TestLabelPurchasing" name="test_purchase_label_invalid_order" time="0.106" /><testcase classname="backend.tests.test_johnny5_labels.TestInvoiceAPI" name="test_get_invoice" time="0.165" /><testcase classname="backend.tests.test_johnny5_labels.TestInvoiceAPI" name="test_invoice_contains_order_details" time="0.193" /><testcase classname="backend.tests.test_johnny5_labels.TestInvoiceAPI" name="test_invoice_invalid_order" time="0.129" /><testcase classname="backend.tests.test_johnny5_labels.TestLabelEndpoint" name="test_get_label" time="0.188" /><testcase classname="backend.tests.test_johnny5_labels.TestLabelEndpoint" name="test_get_label_invalid" time="0.182" /></testsuite></testsuites>