<?xml version="1.0" encoding="utf-8"?><testsuites name="pytest tests"><testsuite name="pytest" errors="0" failures="0" skipped="0" tests="17" time="2.412" timestamp="2026-03-08T02:53:13.025922+00:00" hostname="agent-env-ca0a5fe6-69e7-4f4b-88f6-ebe63700ae6c"><testcase classname="tests.test_johnny5_portal.TestJohnny5Dashboard" name="test_get_dashboard_stats" time="0.210" /><testcase classname="tests.test_johnny5_portal.TestJohnny5StoresCRUD" name="test_01_list_stores" time="0.114" /><testcase classname="tests.test_johnny5_portal.TestJohnny5StoresCRUD" name="test_02_create_store" time="0.123" /><testcase classname="tests.test_johnny5_portal.TestJohnny5StoresCRUD" name="test_03_get_store_by_id" time="0.132" /><testcase classname="tests.test_johnny5_portal.TestJohnny5StoresCRUD" name="test_04_update_store" time="0.136" /><testcase classname="tests.test_johnny5_portal.TestJohnny5StoresCRUD" name="test_05_regenerate_store_keys" time="0.114" /><testcase classname="tests.test_johnny5_portal.TestJohnny5WebhookReceiver" name="test_01_webhook_without_api_key" time="0.107" /><testcase classname="tests.test_johnny5_portal.TestJohnny5WebhookReceiver" name="test_02_webhook_with_invalid_api_key" time="0.119" /><testcase classname="tests.test_johnny5_portal.TestJohnny5WebhookReceiver" name="test_03_webhook_with_valid_api_key" time="0.138" /><testcase classname="tests.test_johnny5_portal.TestJohnny5OrdersManagement" name="test_01_list_all_orders" time="0.110" /><testcase classname="tests.test_johnny5_portal.TestJohnny5OrdersManagement" name="test_02_filter_orders_by_status" time="0.108" /><testcase classname="tests.test_johnny5_portal.TestJohnny5OrdersManagement" name="test_03_get_order_details" time="0.111" /><testcase classname="tests.test_johnny5_portal.TestJohnny5OrdersManagement" name="test_04_update_order_status" time="0.170" /><testcase classname="tests.test_johnny5_portal.TestJohnny5Fulfillment" name="test_01_add_tracking_to_order" time="0.114" /><testcase classname="tests.test_johnny5_portal.TestJohnny5Fulfillment" name="test_02_verify_order_now_shipped" time="0.106" /><testcase classname="tests.test_johnny5_portal.TestJohnny5Fulfillment" name="test_03_push_tracking_to_store" time="0.240" /><testcase classname="tests.test_johnny5_portal.TestJohnny5Cleanup" name="test_cleanup_test_store" time="0.122" /></testsuite></testsuites>