<?xml version="1.0" encoding="utf-8"?><testsuites name="pytest tests"><testsuite name="pytest" errors="0" failures="0" skipped="0" tests="19" time="8.283" timestamp="2026-03-10T01:26:36.735481+00:00" hostname="agent-env-a2cd8d66-ce50-48d7-aa7f-50e2d6da25f2"><testcase classname="tests.test_johnny5_pricing_stock.TestJohnny5PricingStockSettings" name="test_get_pricing_stock_settings" time="0.567" /><testcase classname="tests.test_johnny5_pricing_stock.TestJohnny5PricingStockSettings" name="test_update_global_markup_percent" time="0.717" /><testcase classname="tests.test_johnny5_pricing_stock.TestJohnny5PricingStockRows" name="test_list_pricing_stock_rows" time="0.495" /><testcase classname="tests.test_johnny5_pricing_stock.TestJohnny5PricingStockRows" name="test_create_pricing_stock_row" time="0.464" /><testcase classname="tests.test_johnny5_pricing_stock.TestJohnny5PricingStockRows" name="test_create_row_requires_sku_or_product_id" time="0.512" /><testcase classname="tests.test_johnny5_pricing_stock.TestJohnny5PricingStockRows" name="test_update_pricing_stock_row" time="0.610" /><testcase classname="tests.test_johnny5_pricing_stock.TestJohnny5PricingStockRows" name="test_update_row_not_found" time="0.495" /><testcase classname="tests.test_johnny5_pricing_stock.TestJohnny5CSVImportExport" name="test_export_pricing_stock_csv" time="0.555" /><testcase classname="tests.test_johnny5_pricing_stock.TestJohnny5CSVImportExport" name="test_import_pricing_stock_csv" time="0.567" /><testcase classname="tests.test_johnny5_pricing_stock.TestJohnny5CSVImportExport" name="test_import_csv_missing_columns" time="0.473" /><testcase classname="tests.test_johnny5_pricing_stock.TestJohnny5CSVImportExport" name="test_import_csv_non_csv_file" time="0.457" /><testcase classname="tests.test_johnny5_pricing_stock.TestJohnny5ConnectedCartStock" name="test_get_connected_store_stock" time="0.114" /><testcase classname="tests.test_johnny5_pricing_stock.TestJohnny5ConnectedCartStock" name="test_get_connected_store_stock_missing_api_key" time="0.097" /><testcase classname="tests.test_johnny5_pricing_stock.TestJohnny5ConnectedCartStock" name="test_check_connected_store_stock" time="0.198" /><testcase classname="tests.test_johnny5_pricing_stock.TestJohnny5LocalCartStock" name="test_check_local_cart_stock" time="0.140" /><testcase classname="tests.test_johnny5_pricing_stock.TestJohnny5LocalCartStock" name="test_check_local_cart_stock_preorder_item" time="0.122" /><testcase classname="tests.test_johnny5_pricing_stock.TestJohnny5GlobalMarkupApplied" name="test_global_markup_applied_to_connected_cost" time="0.682" /><testcase classname="tests.test_johnny5_pricing_stock.TestJohnny5StockStatusIcons" name="test_in_stock_shows_green_check" time="0.462" /><testcase classname="tests.test_johnny5_pricing_stock.TestJohnny5StockStatusIcons" name="test_out_of_stock_shows_red_x" time="0.463" /></testsuite></testsuites>