<?xml version="1.0" encoding="utf-8"?><testsuites name="pytest tests"><testsuite name="pytest" errors="0" failures="0" skipped="0" tests="13" time="7.394" timestamp="2026-04-07T15:13:00.450825+00:00" hostname="agent-env-9bcf9008-1b86-4336-9992-f81d90c2ea91"><testcase classname="backend.tests.test_kanban_pipeline_stages.TestKanbanPipelineStages" name="test_get_leads_returns_7_columns" time="0.520" /><testcase classname="backend.tests.test_kanban_pipeline_stages.TestKanbanPipelineStages" name="test_patch_status_accepts_all_valid_statuses" time="1.123" /><testcase classname="backend.tests.test_kanban_pipeline_stages.TestKanbanPipelineStages" name="test_patch_status_rejects_invalid_statuses" time="0.775" /><testcase classname="backend.tests.test_kanban_pipeline_stages.TestKanbanPipelineStages" name="test_create_lead_defaults_to_cold_call" time="0.550" /><testcase classname="backend.tests.test_kanban_pipeline_stages.TestKanbanPipelineStages" name="test_create_lead_with_stage_cold_call" time="0.531" /><testcase classname="backend.tests.test_kanban_pipeline_stages.TestKanbanPipelineStages" name="test_put_lead_preserves_status" time="0.581" /><testcase classname="backend.tests.test_kanban_pipeline_stages.TestKanbanPipelineStages" name="test_export_csv_includes_all_statuses" time="0.408" /><testcase classname="backend.tests.test_kanban_pipeline_stages.TestKanbanPipelineStages" name="test_column_counts_match_total" time="0.449" /><testcase classname="backend.tests.test_kanban_pipeline_stages.TestKanbanPipelineStages" name="test_stage_mapping_legacy_statuses" time="0.496" /><testcase classname="backend.tests.test_kanban_pipeline_stages.TestKanbanPipelineStages" name="test_all_stage_options_map_correctly" time="1.479" /><testcase classname="backend.tests.test_kanban_pipeline_stages.TestKanbanAuth" name="test_get_leads_requires_auth" time="0.128" /><testcase classname="backend.tests.test_kanban_pipeline_stages.TestKanbanAuth" name="test_patch_status_requires_auth" time="0.138" /><testcase classname="backend.tests.test_kanban_pipeline_stages.TestKanbanAuth" name="test_export_csv_requires_auth" time="0.123" /></testsuite></testsuites>