<?xml version="1.0" encoding="utf-8"?><testsuites name="pytest tests"><testsuite name="pytest" errors="0" failures="0" skipped="0" tests="33" time="4.366" timestamp="2026-03-06T03:22:09.522015+00:00" hostname="agent-env-dcdef787-28a4-42b4-91ab-04e2a9e59a05"><testcase classname="tests.test_location_preview_v2.TestLocationPreviewPublicAccess" name="test_preview_returns_200_without_auth" time="0.538" /><testcase classname="tests.test_location_preview_v2.TestLocationPreviewPublicAccess" name="test_preview_returns_html_content" time="0.109" /><testcase classname="tests.test_location_preview_v2.TestAminoChainTheming" name="test_amino_chain_branding" time="0.114" /><testcase classname="tests.test_location_preview_v2.TestAminoChainTheming" name="test_colorful_gradient_hero" time="0.108" /><testcase classname="tests.test_location_preview_v2.TestAminoChainTheming" name="test_wide_container_layout" time="0.111" /><testcase classname="tests.test_location_preview_v2.TestAminoChainTheming" name="test_space_grotesk_font" time="0.126" /><testcase classname="tests.test_location_preview_v2.TestPeptideInformationSections" name="test_peptide_research_information_section" time="0.122" /><testcase classname="tests.test_location_preview_v2.TestPeptideInformationSections" name="test_healing_recovery_peptides_card" time="0.156" /><testcase classname="tests.test_location_preview_v2.TestPeptideInformationSections" name="test_cognitive_neuro_compounds_card" time="0.117" /><testcase classname="tests.test_location_preview_v2.TestPeptideInformationSections" name="test_metabolic_research_catalog_card" time="0.117" /><testcase classname="tests.test_location_preview_v2.TestPeptideInformationSections" name="test_three_info_cards_present" time="0.098" /><testcase classname="tests.test_location_preview_v2.TestTestimonialsSection" name="test_testimonials_section_exists" time="0.104" /><testcase classname="tests.test_location_preview_v2.TestTestimonialsSection" name="test_testimonials_header" time="0.107" /><testcase classname="tests.test_location_preview_v2.TestTestimonialsSection" name="test_testimonials_quotes" time="0.134" /><testcase classname="tests.test_location_preview_v2.TestTestimonialsSection" name="test_testimonials_citations" time="0.106" /><testcase classname="tests.test_location_preview_v2.TestTestimonialsSection" name="test_testimonials_at_bottom" time="0.112" /><testcase classname="tests.test_location_preview_v2.TestStateCountyCityStructure" name="test_county_coverage_section" time="0.181" /><testcase classname="tests.test_location_preview_v2.TestStateCountyCityStructure" name="test_city_coverage_section" time="0.121" /><testcase classname="tests.test_location_preview_v2.TestStateCountyCityStructure" name="test_county_links_work" time="0.121" /><testcase classname="tests.test_location_preview_v2.TestStateCountyCityStructure" name="test_city_links_work" time="0.107" /><testcase classname="tests.test_location_preview_v2.TestStateCountyCityStructure" name="test_metrics_displayed" time="0.105" /><testcase classname="tests.test_location_preview_v2.TestStateCountyCityStructure" name="test_breadcrumb_on_county_page" time="0.121" /><testcase classname="tests.test_location_preview_v2.TestStateCountyCityStructure" name="test_breadcrumb_on_city_page" time="0.111" /><testcase classname="tests.test_location_preview_v2.TestSEOMetadataAndSchema" name="test_title_tag" time="0.102" /><testcase classname="tests.test_location_preview_v2.TestSEOMetadataAndSchema" name="test_meta_description" time="0.105" /><testcase classname="tests.test_location_preview_v2.TestSEOMetadataAndSchema" name="test_canonical_url" time="0.115" /><testcase classname="tests.test_location_preview_v2.TestSEOMetadataAndSchema" name="test_open_graph_tags" time="0.110" /><testcase classname="tests.test_location_preview_v2.TestSEOMetadataAndSchema" name="test_twitter_card_tags" time="0.111" /><testcase classname="tests.test_location_preview_v2.TestSEOMetadataAndSchema" name="test_json_ld_schema" time="0.120" /><testcase classname="tests.test_location_preview_v2.TestPublicStatePageEndpoint" name="test_florida_state_page" time="0.115" /><testcase classname="tests.test_location_preview_v2.TestPublicStatePageEndpoint" name="test_state_page_has_seo" time="0.114" /><testcase classname="tests.test_location_preview_v2.TestPublicStatePageEndpoint" name="test_invalid_location_returns_404" time="0.124" /><testcase classname="tests.test_location_preview_v2.TestComplianceNotice" name="test_compliance_notice_present" time="0.119" /></testsuite></testsuites>