<?xml version="1.0" encoding="utf-8"?><testsuites name="pytest tests"><testsuite name="pytest" errors="0" failures="1" skipped="0" tests="16" time="2.103" timestamp="2026-03-24T00:53:19.782940+00:00" hostname="agent-env-8f539f23-70fe-41b5-b953-8eb564c33341"><testcase classname="backend.tests.test_location_slug_prefix.TestLocationPublicRoutes" name="test_commercial_cleaning_robots_missouri_resolves" time="0.200" /><testcase classname="backend.tests.test_location_slug_prefix.TestLocationPublicRoutes" name="test_custom_sublimation_missouri_backward_compatibility" time="0.118" /><testcase classname="backend.tests.test_location_slug_prefix.TestLocationPublicRoutes" name="test_cleaning_robots_prefix_resolves" time="0.129" /><testcase classname="backend.tests.test_location_slug_prefix.TestLocationPublicRoutes" name="test_123bots_prefix_resolves" time="0.110" /><testcase classname="backend.tests.test_location_slug_prefix.TestLocationPublicRoutes" name="test_peptide_research_supply_prefix_resolves" time="0.118" /><testcase classname="backend.tests.test_location_slug_prefix.TestLocationPublicRoutes" name="test_florida_state_page_resolves" time="0.162" /><testcase classname="backend.tests.test_location_slug_prefix.TestLocationPublicRoutes" name="test_invalid_location_returns_404" time="0.127" /><testcase classname="backend.tests.test_location_slug_prefix.TestLocationSlugSettingsEndpoint" name="test_get_location_slug_settings_requires_auth" time="0.118" /><testcase classname="backend.tests.test_location_slug_prefix.TestLocationSlugSettingsEndpoint" name="test_put_location_slug_settings_requires_auth" time="0.120" /><testcase classname="backend.tests.test_location_slug_prefix.TestLocationPreviewEndpoint" name="test_location_preview_returns_html" time="0.125" /><testcase classname="backend.tests.test_location_slug_prefix.TestLocationCanonicalUrls" name="test_canonical_url_uses_prefix" time="0.120" /><testcase classname="backend.tests.test_location_slug_prefix.TestLocationCanonicalUrls" name="test_og_url_uses_prefix" time="0.128" /><testcase classname="backend.tests.test_location_slug_prefix.TestDevEndpoints" name="test_us_states_endpoint" time="0.138" /><testcase classname="backend.tests.test_location_slug_prefix.TestDevEndpoints" name="test_stats_endpoint" time="0.101" /><testcase classname="backend.tests.test_location_slug_prefix.TestSitemapLocationUrls" name="test_sitemap_xml_accessible" time="0.108" /><testcase classname="backend.tests.test_location_slug_prefix.TestSitemapLocationUrls" name="test_sitemap_locations_xml_accessible" time="0.106"><failure message="AssertionError: Should return XML&#10;assert 'xml' in 'text/html; charset=utf-8'&#10; +  where 'text/html; charset=utf-8' = &lt;built-in method lower of str object at 0xfcbf3a5f8ad0&gt;()&#10; +    where &lt;built-in method lower of str object at 0xfcbf3a5f8ad0&gt; = 'text/html; charset=utf-8'.lower&#10; +      where 'text/html; charset=utf-8' = get('content-type', '')&#10; +        where get = {'Date': 'Tue, 24 Mar 2026 00:53:21 GMT', 'Content-Type': 'text/html; charset=utf-8', 'Transfer-Encoding': 'chunked', 'Connection': 'keep-alive', 'CF-Ray': '9e11b2cb596675e4-ORD', 'CF-Cache-Status': 'DYNAMIC', 'Access-Control-Allow-Origin': '*', 'Cache-Control': 'no-store, no-cache, must-revalidate', 'Server': 'cloudflare', 'Vary': 'Accept-Encoding', 'Via': '1.1 google', 'Access-Control-Max-Age': '300', 'access-control-allow-headers': '*', 'access-control-allow-methods': 'GET, POST, PUT, DELETE, OPTIONS, HEAD, PATCH', 'x-powered-by': 'Express', 'set-cookie': '__cf_bm=Bpz27v9hcUIiKOjxJZkC2pvyZ_qRtIQxjN8MPAnAlT8-1774313601.818087-1.0.1.1-huD.tVTWQmi5JQSlV1kslWN6mzj3BLfvuj15_Y.cjAynWXIBoxM2IFoEuUG1ufvuPcc58z_W.Y947t8oIOgc822cdyKvBfPosT4Mf68CfovcIRbdRRP4C1Bcjhjs.sOm; HttpOnly; Secure; Path=/; Domain=preview.emergentagent.com; Expires=Tue, 24 Mar 2026 01:23:21 GMT', 'X-Robots-Tag': 'noindex, nofollow', 'Content-Encoding': 'gzip'}.get&#10; +          where {'Date': 'Tue, 24 Mar 2026 00:53:21 GMT', 'Content-Type': 'text/html; charset=utf-8', 'Transfer-Encoding': 'chunked', 'Connection': 'keep-alive', 'CF-Ray': '9e11b2cb596675e4-ORD', 'CF-Cache-Status': 'DYNAMIC', 'Access-Control-Allow-Origin': '*', 'Cache-Control': 'no-store, no-cache, must-revalidate', 'Server': 'cloudflare', 'Vary': 'Accept-Encoding', 'Via': '1.1 google', 'Access-Control-Max-Age': '300', 'access-control-allow-headers': '*', 'access-control-allow-methods': 'GET, POST, PUT, DELETE, OPTIONS, HEAD, PATCH', 'x-powered-by': 'Express', 'set-cookie': '__cf_bm=Bpz27v9hcUIiKOjxJZkC2pvyZ_qRtIQxjN8MPAnAlT8-1774313601.818087-1.0.1.1-huD.tVTWQmi5JQSlV1kslWN6mzj3BLfvuj15_Y.cjAynWXIBoxM2IFoEuUG1ufvuPcc58z_W.Y947t8oIOgc822cdyKvBfPosT4Mf68CfovcIRbdRRP4C1Bcjhjs.sOm; HttpOnly; Secure; Path=/; Domain=preview.emergentagent.com; Expires=Tue, 24 Mar 2026 01:23:21 GMT', 'X-Robots-Tag': 'noindex, nofollow', 'Content-Encoding': 'gzip'} = &lt;Response [200]&gt;.headers">backend/tests/test_location_slug_prefix.py:169: in test_sitemap_locations_xml_accessible
    assert "xml" in response.headers.get("content-type", "").lower(), "Should return XML"
E   AssertionError: Should return XML
E   assert 'xml' in 'text/html; charset=utf-8'
E    +  where 'text/html; charset=utf-8' = &lt;built-in method lower of str object at 0xfcbf3a5f8ad0&gt;()
E    +    where &lt;built-in method lower of str object at 0xfcbf3a5f8ad0&gt; = 'text/html; charset=utf-8'.lower
E    +      where 'text/html; charset=utf-8' = get('content-type', '')
E    +        where get = {'Date': 'Tue, 24 Mar 2026 00:53:21 GMT', 'Content-Type': 'text/html; charset=utf-8', 'Transfer-Encoding': 'chunked', 'Connection': 'keep-alive', 'CF-Ray': '9e11b2cb596675e4-ORD', 'CF-Cache-Status': 'DYNAMIC', 'Access-Control-Allow-Origin': '*', 'Cache-Control': 'no-store, no-cache, must-revalidate', 'Server': 'cloudflare', 'Vary': 'Accept-Encoding', 'Via': '1.1 google', 'Access-Control-Max-Age': '300', 'access-control-allow-headers': '*', 'access-control-allow-methods': 'GET, POST, PUT, DELETE, OPTIONS, HEAD, PATCH', 'x-powered-by': 'Express', 'set-cookie': '__cf_bm=Bpz27v9hcUIiKOjxJZkC2pvyZ_qRtIQxjN8MPAnAlT8-1774313601.818087-1.0.1.1-huD.tVTWQmi5JQSlV1kslWN6mzj3BLfvuj15_Y.cjAynWXIBoxM2IFoEuUG1ufvuPcc58z_W.Y947t8oIOgc822cdyKvBfPosT4Mf68CfovcIRbdRRP4C1Bcjhjs.sOm; HttpOnly; Secure; Path=/; Domain=preview.emergentagent.com; Expires=Tue, 24 Mar 2026 01:23:21 GMT', 'X-Robots-Tag': 'noindex, nofollow', 'Content-Encoding': 'gzip'}.get
E    +          where {'Date': 'Tue, 24 Mar 2026 00:53:21 GMT', 'Content-Type': 'text/html; charset=utf-8', 'Transfer-Encoding': 'chunked', 'Connection': 'keep-alive', 'CF-Ray': '9e11b2cb596675e4-ORD', 'CF-Cache-Status': 'DYNAMIC', 'Access-Control-Allow-Origin': '*', 'Cache-Control': 'no-store, no-cache, must-revalidate', 'Server': 'cloudflare', 'Vary': 'Accept-Encoding', 'Via': '1.1 google', 'Access-Control-Max-Age': '300', 'access-control-allow-headers': '*', 'access-control-allow-methods': 'GET, POST, PUT, DELETE, OPTIONS, HEAD, PATCH', 'x-powered-by': 'Express', 'set-cookie': '__cf_bm=Bpz27v9hcUIiKOjxJZkC2pvyZ_qRtIQxjN8MPAnAlT8-1774313601.818087-1.0.1.1-huD.tVTWQmi5JQSlV1kslWN6mzj3BLfvuj15_Y.cjAynWXIBoxM2IFoEuUG1ufvuPcc58z_W.Y947t8oIOgc822cdyKvBfPosT4Mf68CfovcIRbdRRP4C1Bcjhjs.sOm; HttpOnly; Secure; Path=/; Domain=preview.emergentagent.com; Expires=Tue, 24 Mar 2026 01:23:21 GMT', 'X-Robots-Tag': 'noindex, nofollow', 'Content-Encoding': 'gzip'} = &lt;Response [200]&gt;.headers</failure></testcase></testsuite></testsuites>