<?xml version="1.0" encoding="utf-8"?><testsuites name="pytest tests"><testsuite name="pytest" errors="0" failures="0" skipped="0" tests="29" time="3.718" timestamp="2026-03-06T03:08:36.552552+00:00" hostname="agent-env-dcdef787-28a4-42b4-91ab-04e2a9e59a05"><testcase classname="backend.tests.test_location_redesign.TestLocationPageRedesign" name="test_state_page_returns_200" time="0.133" /><testcase classname="backend.tests.test_location_redesign.TestLocationPageRedesign" name="test_state_page_has_amino_chain_branding" time="0.104" /><testcase classname="backend.tests.test_location_redesign.TestLocationPageRedesign" name="test_state_page_title_seo" time="0.106" /><testcase classname="backend.tests.test_location_redesign.TestLocationPageRedesign" name="test_state_page_meta_description" time="0.120" /><testcase classname="backend.tests.test_location_redesign.TestLocationPageRedesign" name="test_state_page_canonical_url" time="0.131" /><testcase classname="backend.tests.test_location_redesign.TestLocationPageRedesign" name="test_state_page_og_tags" time="0.122" /><testcase classname="backend.tests.test_location_redesign.TestLocationPageRedesign" name="test_state_page_twitter_tags" time="0.102" /><testcase classname="backend.tests.test_location_redesign.TestLocationPageRedesign" name="test_state_page_json_ld_schema" time="0.112" /><testcase classname="backend.tests.test_location_redesign.TestLocationPageRedesign" name="test_state_page_county_coverage_links" time="0.114" /><testcase classname="backend.tests.test_location_redesign.TestLocationPageRedesign" name="test_state_page_city_coverage_links" time="0.101" /><testcase classname="backend.tests.test_location_redesign.TestLocationPageRedesign" name="test_state_page_metrics_display" time="0.108" /><testcase classname="backend.tests.test_location_redesign.TestLocationPageRedesign" name="test_state_page_cta_pawn_shop" time="0.104" /><testcase classname="backend.tests.test_location_redesign.TestLocationPageRedesign" name="test_state_page_cta_research" time="0.110" /><testcase classname="backend.tests.test_location_redesign.TestCityPage" name="test_city_page_returns_200" time="0.125" /><testcase classname="backend.tests.test_location_redesign.TestCityPage" name="test_city_page_title" time="0.116" /><testcase classname="backend.tests.test_location_redesign.TestCityPage" name="test_city_page_breadcrumb" time="0.111" /><testcase classname="backend.tests.test_location_redesign.TestCityPage" name="test_city_page_eyebrow_label" time="0.130" /><testcase classname="backend.tests.test_location_redesign.TestCountyPage" name="test_county_page_returns_200" time="0.104" /><testcase classname="backend.tests.test_location_redesign.TestCountyPage" name="test_county_page_title" time="0.112" /><testcase classname="backend.tests.test_location_redesign.TestCountyPage" name="test_county_page_breadcrumb" time="0.119" /><testcase classname="backend.tests.test_location_redesign.TestCountyPage" name="test_county_page_eyebrow_label" time="0.102" /><testcase classname="backend.tests.test_location_redesign.TestDevPreviewEndpoint" name="test_preview_without_auth_returns_401" time="0.106" /><testcase classname="backend.tests.test_location_redesign.TestDevPreviewEndpoint" name="test_preview_with_auth_returns_html" time="0.460" /><testcase classname="backend.tests.test_location_redesign.TestErrorHandling" name="test_invalid_location_returns_404" time="0.119" /><testcase classname="backend.tests.test_location_redesign.TestErrorHandling" name="test_non_html_file_returns_404" time="0.103" /><testcase classname="backend.tests.test_location_redesign.TestHTMLValidity" name="test_html_has_viewport_meta" time="0.124" /><testcase classname="backend.tests.test_location_redesign.TestHTMLValidity" name="test_html_has_responsive_styles" time="0.118" /><testcase classname="backend.tests.test_location_redesign.TestHTMLValidity" name="test_html_has_compliance_notice" time="0.130" /><testcase classname="backend.tests.test_location_redesign.TestHTMLValidity" name="test_html_has_footer" time="0.114" /></testsuite></testsuites>