<?xml version="1.0" encoding="utf-8"?><testsuites name="pytest tests"><testsuite name="pytest" errors="0" failures="0" skipped="0" tests="48" time="1.878" timestamp="2026-03-06T03:30:07.719635+00:00" hostname="agent-env-dcdef787-28a4-42b4-91ab-04e2a9e59a05"><testcase classname="backend.tests.test_location_homeclone.TestPublicAccess" name="test_location_preview_returns_200_without_auth" time="0.169" /><testcase classname="backend.tests.test_location_homeclone.TestPublicAccess" name="test_location_preview_returns_html_content" time="0.125" /><testcase classname="backend.tests.test_location_homeclone.TestHomepageStructure" name="test_hero_wrap_section_present" time="0.137" /><testcase classname="backend.tests.test_location_homeclone.TestHomepageStructure" name="test_hero_card_present" time="0.000" /><testcase classname="backend.tests.test_location_homeclone.TestHomepageStructure" name="test_eyebrow_badge_present" time="0.000" /><testcase classname="backend.tests.test_location_homeclone.TestHomepageStructure" name="test_h1_title_present" time="0.000" /><testcase classname="backend.tests.test_location_homeclone.TestHomepageStructure" name="test_cta_buttons_present" time="0.000" /><testcase classname="backend.tests.test_location_homeclone.TestHomepageStructure" name="test_proof_strip_section_present" time="0.000" /><testcase classname="backend.tests.test_location_homeclone.TestHomepageStructure" name="test_proof_strip_metrics" time="0.000" /><testcase classname="backend.tests.test_location_homeclone.TestHomepageStructure" name="test_research_without_compromise_section" time="0.000" /><testcase classname="backend.tests.test_location_homeclone.TestPeptideInformationBlocks" name="test_peptide_information_section_present" time="0.112" /><testcase classname="backend.tests.test_location_homeclone.TestPeptideInformationBlocks" name="test_healing_recovery_peptides_block" time="0.000" /><testcase classname="backend.tests.test_location_homeclone.TestPeptideInformationBlocks" name="test_cognitive_neuro_compounds_block" time="0.000" /><testcase classname="backend.tests.test_location_homeclone.TestPeptideInformationBlocks" name="test_metabolic_research_peptides_block" time="0.000" /><testcase classname="backend.tests.test_location_homeclone.TestPeptideInformationBlocks" name="test_three_peptide_info_cards" time="0.000" /><testcase classname="backend.tests.test_location_homeclone.TestTestimonialsSection" name="test_testimonials_section_present" time="0.103" /><testcase classname="backend.tests.test_location_homeclone.TestTestimonialsSection" name="test_testimonials_header" time="0.000" /><testcase classname="backend.tests.test_location_homeclone.TestTestimonialsSection" name="test_quote_grid_present" time="0.000" /><testcase classname="backend.tests.test_location_homeclone.TestTestimonialsSection" name="test_three_testimonials_present" time="0.000" /><testcase classname="backend.tests.test_location_homeclone.TestTestimonialsSection" name="test_testimonials_positioned_near_bottom" time="0.000" /><testcase classname="backend.tests.test_location_homeclone.TestStateCoverageStructure" name="test_location_coverage_section_present" time="0.128" /><testcase classname="backend.tests.test_location_homeclone.TestStateCoverageStructure" name="test_county_coverage_box_present" time="0.000" /><testcase classname="backend.tests.test_location_homeclone.TestStateCoverageStructure" name="test_city_coverage_box_present" time="0.000" /><testcase classname="backend.tests.test_location_homeclone.TestStateCoverageStructure" name="test_county_links_present" time="0.000" /><testcase classname="backend.tests.test_location_homeclone.TestStateCoverageStructure" name="test_city_links_present" time="0.000" /><testcase classname="backend.tests.test_location_homeclone.TestStateCoverageStructure" name="test_chip_styling_present" time="0.000" /><testcase classname="backend.tests.test_location_homeclone.TestStateCoverageStructure" name="test_compliance_notice_present" time="0.000" /><testcase classname="backend.tests.test_location_homeclone.TestSEOMetadata" name="test_title_tag_present" time="0.123" /><testcase classname="backend.tests.test_location_homeclone.TestSEOMetadata" name="test_meta_description_present" time="0.000" /><testcase classname="backend.tests.test_location_homeclone.TestSEOMetadata" name="test_meta_keywords_present" time="0.000" /><testcase classname="backend.tests.test_location_homeclone.TestSEOMetadata" name="test_canonical_url_present" time="0.000" /><testcase classname="backend.tests.test_location_homeclone.TestSEOMetadata" name="test_robots_meta_present" time="0.000" /><testcase classname="backend.tests.test_location_homeclone.TestSEOMetadata" name="test_open_graph_tags_present" time="0.000" /><testcase classname="backend.tests.test_location_homeclone.TestSEOMetadata" name="test_twitter_card_tags_present" time="0.000" /><testcase classname="backend.tests.test_location_homeclone.TestSEOMetadata" name="test_json_ld_schema_present" time="0.000" /><testcase classname="backend.tests.test_location_homeclone.TestPublicStatePages" name="test_florida_state_page_returns_200" time="0.107" /><testcase classname="backend.tests.test_location_homeclone.TestPublicStatePages" name="test_florida_state_page_has_seo_metadata" time="0.115" /><testcase classname="backend.tests.test_location_homeclone.TestPublicStatePages" name="test_county_page_returns_200" time="0.123" /><testcase classname="backend.tests.test_location_homeclone.TestPublicStatePages" name="test_city_page_returns_200" time="0.112" /><testcase classname="backend.tests.test_location_homeclone.TestPublicStatePages" name="test_invalid_location_returns_404" time="0.131" /><testcase classname="backend.tests.test_location_homeclone.TestPublicStatePages" name="test_county_page_has_breadcrumb_to_state" time="0.105" /><testcase classname="backend.tests.test_location_homeclone.TestPublicStatePages" name="test_city_page_has_breadcrumb_to_state" time="0.107" /><testcase classname="backend.tests.test_location_homeclone.TestAMINOChainBranding" name="test_amino_chain_brand_present" time="0.115" /><testcase classname="backend.tests.test_location_homeclone.TestAMINOChainBranding" name="test_brand_badge_present" time="0.000" /><testcase classname="backend.tests.test_location_homeclone.TestAMINOChainBranding" name="test_fonts_loaded" time="0.000" /><testcase classname="backend.tests.test_location_homeclone.TestAMINOChainBranding" name="test_purple_gold_color_scheme" time="0.000" /><testcase classname="backend.tests.test_location_homeclone.TestAMINOChainBranding" name="test_gradient_background_present" time="0.000" /><testcase classname="backend.tests.test_location_homeclone.TestAMINOChainBranding" name="test_footer_present" time="0.000" /></testsuite></testsuites>