<?xml version="1.0" encoding="utf-8"?><testsuites name="pytest tests"><testsuite name="pytest" errors="0" failures="0" skipped="0" tests="10" time="4.282" timestamp="2026-03-10T17:09:59.636077+00:00" hostname="agent-env-5b6abaf9-a093-4b77-b58c-1831139007e2"><testcase classname="tests.test_local_pickup.TestLocalPickupPublicAPI" name="test_get_public_local_pickup_settings" time="0.233" /><testcase classname="tests.test_local_pickup.TestLocalPickupPublicAPI" name="test_public_endpoint_only_returns_active_locations" time="0.849" /><testcase classname="tests.test_local_pickup.TestLocalPickupAdminAPI" name="test_get_admin_local_pickup_settings" time="0.947" /><testcase classname="tests.test_local_pickup.TestLocalPickupAdminAPI" name="test_enable_disable_local_pickup" time="0.615" /><testcase classname="tests.test_local_pickup.TestLocalPickupAdminAPI" name="test_add_pickup_location" time="0.293" /><testcase classname="tests.test_local_pickup.TestLocalPickupAdminAPI" name="test_update_pickup_location" time="0.507" /><testcase classname="tests.test_local_pickup.TestLocalPickupAdminAPI" name="test_delete_pickup_location" time="0.356" /><testcase classname="tests.test_local_pickup.TestLocalPickupAdminAPI" name="test_delete_nonexistent_location_returns_404" time="0.158" /><testcase classname="tests.test_local_pickup.TestLocalPickupAdminAPI" name="test_update_nonexistent_location_returns_404" time="0.130" /><testcase classname="tests.test_local_pickup.TestLocalPickupAdminAPI" name="test_location_required_fields_validation" time="0.104" /></testsuite></testsuites>