<?xml version="1.0" encoding="utf-8"?><testsuites name="pytest tests"><testsuite name="pytest" errors="0" failures="0" skipped="0" tests="21" time="7.115" timestamp="2026-03-06T01:43:59.179440+00:00" hostname="agent-env-dcdef787-28a4-42b4-91ab-04e2a9e59a05"><testcase classname="backend.tests.test_location_generator.TestLocationGeneratorAuth" name="test_us_states_requires_auth" time="0.544" /><testcase classname="backend.tests.test_location_generator.TestLocationGeneratorAuth" name="test_stats_requires_auth" time="0.421" /><testcase classname="backend.tests.test_location_generator.TestLocationGeneratorAuth" name="test_generated_pages_grouped_requires_auth" time="0.405" /><testcase classname="backend.tests.test_location_generator.TestLocationGeneratorAuth" name="test_location_data_requires_auth" time="0.395" /><testcase classname="backend.tests.test_location_generator.TestUSStatesEndpoint" name="test_get_us_states_success" time="0.443" /><testcase classname="backend.tests.test_location_generator.TestStatsEndpoint" name="test_get_stats_success" time="0.400" /><testcase classname="backend.tests.test_location_generator.TestGeneratedPagesGroupedEndpoint" name="test_get_generated_pages_grouped_success" time="0.458" /><testcase classname="backend.tests.test_location_generator.TestLocationDataEndpoint" name="test_get_location_data_alabama" time="0.434" /><testcase classname="backend.tests.test_location_generator.TestLocationDataEndpoint" name="test_get_location_data_nonexistent" time="0.419" /><testcase classname="backend.tests.test_location_generator.TestLocationPreviewEndpoint" name="test_location_preview_returns_html" time="0.414" /><testcase classname="backend.tests.test_location_generator.TestGenerateStateEndpoint" name="test_generate_state_requires_auth" time="0.421" /><testcase classname="backend.tests.test_location_generator.TestGenerateStateEndpoint" name="test_generate_state_alaska_minimal" time="0.399" /><testcase classname="backend.tests.test_location_generator.TestGenerateStateEndpoint" name="test_generate_state_nonexistent" time="0.415" /><testcase classname="backend.tests.test_location_generator.TestDeleteStateGeneratedPages" name="test_delete_state_pages_requires_auth" time="0.400" /><testcase classname="backend.tests.test_location_generator.TestDeleteStateGeneratedPages" name="test_delete_state_pages_alaska" time="0.404" /><testcase classname="backend.tests.test_location_generator.TestPublicLocationPages" name="test_serve_state_page_dynamically" time="0.101" /><testcase classname="backend.tests.test_location_generator.TestPublicLocationPages" name="test_serve_city_page_dynamically" time="0.097" /><testcase classname="backend.tests.test_location_generator.TestPublicLocationPages" name="test_invalid_location_returns_404" time="0.133" /><testcase classname="backend.tests.test_location_generator.TestPublicLocationPages" name="test_non_html_returns_404" time="0.101" /><testcase classname="backend.tests.test_location_generator.TestHomepageNoRegression" name="test_homepage_loads" time="0.111" /><testcase classname="backend.tests.test_location_generator.TestHomepageNoRegression" name="test_api_root_works" time="0.109" /></testsuite></testsuites>