<?xml version="1.0" encoding="utf-8"?><testsuites name="pytest tests"><testsuite name="pytest" errors="0" failures="0" skipped="1" tests="13" time="2.994" timestamp="2026-03-16T02:40:30.375663+00:00" hostname="agent-env-d139266a-c5ed-48d6-b15f-1412af287569"><testcase classname="backend.tests.test_mega_menu.TestMegaMenuPublicAPI" name="test_public_navigation_returns_200" time="0.168" /><testcase classname="backend.tests.test_mega_menu.TestMegaMenuPublicAPI" name="test_public_navigation_returns_menu_array" time="0.106" /><testcase classname="backend.tests.test_mega_menu.TestMegaMenuPublicAPI" name="test_public_navigation_menu_item_structure" time="0.103" /><testcase classname="backend.tests.test_mega_menu.TestMegaMenuAdminAPI" name="test_get_menu_items_requires_auth" time="0.102" /><testcase classname="backend.tests.test_mega_menu.TestMegaMenuAdminAPI" name="test_get_menu_items_with_auth" time="0.482" /><testcase classname="backend.tests.test_mega_menu.TestMegaMenuAdminAPI" name="test_create_menu_item" time="0.123" /><testcase classname="backend.tests.test_mega_menu.TestMegaMenuAdminAPI" name="test_create_menu_item_with_seo" time="0.265" /><testcase classname="backend.tests.test_mega_menu.TestMegaMenuAdminAPI" name="test_create_submenu_item" time="0.277" /><testcase classname="backend.tests.test_mega_menu.TestMegaMenuAdminAPI" name="test_update_menu_item" time="0.226" /><testcase classname="backend.tests.test_mega_menu.TestMegaMenuAdminAPI" name="test_delete_menu_item" time="0.378" /><testcase classname="backend.tests.test_mega_menu.TestMegaMenuAdminAPI" name="test_get_categories_for_linking" time="0.128" /><testcase classname="backend.tests.test_mega_menu.TestMegaMenuAdminAPI" name="test_get_pages_for_linking" time="0.124" /><testcase classname="backend.tests.test_mega_menu.TestMegaMenuCleanup" name="test_cleanup_test_items" time="0.445"><skipped type="pytest.skip" message="Could not fetch items for cleanup">/app/backend/tests/test_mega_menu.py:287: Could not fetch items for cleanup</skipped></testcase></testsuite></testsuites>