<?xml version="1.0" encoding="utf-8"?><testsuites name="pytest tests"><testsuite name="pytest" errors="0" failures="0" skipped="0" tests="15" time="6.759" timestamp="2026-03-25T08:31:47.569508+00:00" hostname="agent-env-935f9096-4336-4735-8656-ff60960014b2"><testcase classname="backend.tests.test_multi_user_booking.TestMultiUserBooking" name="test_01_login_success" time="0.401" /><testcase classname="backend.tests.test_multi_user_booking.TestMultiUserBooking" name="test_02_create_user_auto_provisions_booking" time="0.648" /><testcase classname="backend.tests.test_multi_user_booking.TestMultiUserBooking" name="test_03_create_staff_auto_provisions_booking" time="0.639" /><testcase classname="backend.tests.test_multi_user_booking.TestMultiUserBooking" name="test_04_booking_admin_users_endpoint" time="0.405" /><testcase classname="backend.tests.test_multi_user_booking.TestMultiUserBooking" name="test_05_booking_admin_users_requires_admin" time="0.094" /><testcase classname="backend.tests.test_multi_user_booking.TestMultiUserBooking" name="test_06_get_booking_settings_with_user_id" time="0.441" /><testcase classname="backend.tests.test_multi_user_booking.TestMultiUserBooking" name="test_07_save_booking_settings_with_user_id" time="0.471" /><testcase classname="backend.tests.test_multi_user_booking.TestMultiUserBooking" name="test_08_get_booking_link_with_user_id" time="0.768" /><testcase classname="backend.tests.test_multi_user_booking.TestMultiUserBooking" name="test_09_admin_meetings_endpoint" time="0.410" /><testcase classname="backend.tests.test_multi_user_booking.TestMultiUserBooking" name="test_10_admin_meetings_requires_admin" time="0.101" /><testcase classname="backend.tests.test_multi_user_booking.TestMultiUserBooking" name="test_11_admin_meetings_empty_user_ids_returns_empty" time="0.358" /><testcase classname="backend.tests.test_multi_user_booking.TestMultiUserBooking" name="test_12_video_link_generation_in_invite" time="0.354" /><testcase classname="backend.tests.test_multi_user_booking.TestMultiUserBooking" name="test_13_public_booking_generates_video_link" time="0.512" /><testcase classname="backend.tests.test_multi_user_booking.TestMultiUserBooking" name="test_14_booking_slug_format_first_last" time="0.651" /><testcase classname="backend.tests.test_multi_user_booking.TestMultiUserBooking" name="test_15_non_admin_cannot_access_other_user_settings" time="0.417" /></testsuite></testsuites>