<?xml version="1.0" encoding="utf-8"?><testsuites name="pytest tests"><testsuite name="pytest" errors="0" failures="0" skipped="0" tests="11" time="5.715" timestamp="2026-03-15T16:47:48.657104+00:00" hostname="agent-env-f270cae3-4b74-42bc-be10-77728d2f5f28"><testcase classname="tests.test_multi_category.TestMultiCategoryFeature" name="test_create_product_with_new_categories_auto_creates_them" time="0.652" /><testcase classname="tests.test_multi_category.TestMultiCategoryFeature" name="test_create_product_with_empty_categories_defaults_to_general" time="0.461" /><testcase classname="tests.test_multi_category.TestMultiCategoryFeature" name="test_update_product_with_new_category_creates_it" time="0.550" /><testcase classname="tests.test_multi_category.TestMultiCategoryFeature" name="test_update_product_categories_with_category_updates_primary" time="0.501" /><testcase classname="tests.test_multi_category.TestMultiCategoryFeature" name="test_filter_products_by_secondary_category" time="0.557" /><testcase classname="tests.test_multi_category.TestMultiCategoryFeature" name="test_delete_product_with_multiple_categories" time="0.509" /><testcase classname="tests.test_multi_category.TestMultiCategoryFeature" name="test_categories_deduplicated_case_insensitive" time="0.482" /><testcase classname="tests.test_multi_category.TestMultiCategoryFeature" name="test_get_product_returns_categories_array" time="0.515" /><testcase classname="tests.test_multi_category.TestMultiCategoryFeature" name="test_related_products_uses_categories_array" time="0.601" /><testcase classname="tests.test_multi_category.TestMultiCategoryUIIntegration" name="test_list_products_returns_categories_for_all" time="0.404" /><testcase classname="tests.test_multi_category.TestMultiCategoryUIIntegration" name="test_list_products_with_pricing_returns_category_fields" time="0.405" /></testsuite></testsuites>