<?xml version="1.0" encoding="utf-8"?><testsuites name="pytest tests"><testsuite name="pytest" errors="0" failures="0" skipped="0" tests="19" time="2.798" timestamp="2026-03-07T05:59:34.724692+00:00" hostname="agent-env-9cf21145-87b3-4aaf-8664-f7dc39186596"><testcase classname="backend.tests.test_multi_provider_shipping.TestShippingSettings" name="test_get_shipping_settings_returns_200" time="0.173" /><testcase classname="backend.tests.test_multi_provider_shipping.TestShippingSettings" name="test_shipping_settings_has_required_fields" time="0.106" /><testcase classname="backend.tests.test_multi_provider_shipping.TestShippingSettings" name="test_free_shipping_is_enabled" time="0.102" /><testcase classname="backend.tests.test_multi_provider_shipping.TestShippingRatesCheckout" name="test_checkout_rates_returns_200" time="0.288" /><testcase classname="backend.tests.test_multi_provider_shipping.TestShippingRatesCheckout" name="test_checkout_rates_returns_rates_array" time="0.141" /><testcase classname="backend.tests.test_multi_provider_shipping.TestShippingRatesCheckout" name="test_rates_sorted_by_price_cheapest_first" time="0.109" /><testcase classname="backend.tests.test_multi_provider_shipping.TestShippingRatesCheckout" name="test_no_free_shipping_below_threshold" time="0.104" /><testcase classname="backend.tests.test_multi_provider_shipping.TestShippingRatesCheckout" name="test_free_shipping_above_threshold" time="0.139" /><testcase classname="backend.tests.test_multi_provider_shipping.TestShippingRatesCheckout" name="test_free_shipping_appears_first" time="0.117" /><testcase classname="backend.tests.test_multi_provider_shipping.TestShippingRatesCheckout" name="test_rates_have_required_fields" time="0.106" /><testcase classname="backend.tests.test_multi_provider_shipping.TestShippingRatesCheckout" name="test_response_includes_providers_queried" time="0.109" /><testcase classname="backend.tests.test_multi_provider_shipping.TestShippingRatesCheckout" name="test_fallback_rates_when_no_providers" time="0.104" /><testcase classname="backend.tests.test_multi_provider_shipping.TestOrderCreationWithShipping" name="test_order_with_selected_shipping" time="0.107" /><testcase classname="backend.tests.test_multi_provider_shipping.TestOrderCreationWithShipping" name="test_order_persists_shipping_details" time="0.217" /><testcase classname="backend.tests.test_multi_provider_shipping.TestOrderCreationWithShipping" name="test_shipping_cost_in_order_total" time="0.155" /><testcase classname="backend.tests.test_multi_provider_shipping.TestShippingRatesValidation" name="test_rates_request_requires_address" time="0.100" /><testcase classname="backend.tests.test_multi_provider_shipping.TestShippingRatesValidation" name="test_rates_with_zero_subtotal" time="0.108" /><testcase classname="backend.tests.test_multi_provider_shipping.TestShippingRatesValidation" name="test_rates_at_exact_threshold" time="0.108" /><testcase classname="backend.tests.test_multi_provider_shipping.TestShippingProviderIntegration" name="test_no_providers_enabled_returns_fallback" time="0.273" /></testsuite></testsuites>