<?xml version="1.0" encoding="utf-8"?><testsuites name="pytest tests"><testsuite name="pytest" errors="0" failures="0" skipped="0" tests="11" time="3.141" timestamp="2026-03-06T00:48:53.146330+00:00" hostname="agent-env-dcdef787-28a4-42b4-91ab-04e2a9e59a05"><testcase classname="tests.test_non_pawn_scope_removal.TestCoreAPIHealth" name="test_api_root" time="0.161" /><testcase classname="tests.test_non_pawn_scope_removal.TestCoreAPIHealth" name="test_store_products_endpoint" time="0.177" /><testcase classname="tests.test_non_pawn_scope_removal.TestCoreAPIHealth" name="test_store_categories_endpoint" time="0.112" /><testcase classname="tests.test_non_pawn_scope_removal.TestResearchEndpoints" name="test_research_articles_endpoint" time="0.106" /><testcase classname="tests.test_non_pawn_scope_removal.TestResearchEndpoints" name="test_research_article_by_slug" time="0.169" /><testcase classname="tests.test_non_pawn_scope_removal.TestAdminAuthentication" name="test_admin_login_success" time="0.402" /><testcase classname="tests.test_non_pawn_scope_removal.TestAdminAuthentication" name="test_admin_login_invalid_password" time="0.327" /><testcase classname="tests.test_non_pawn_scope_removal.TestAdminAuthentication" name="test_auth_me_endpoint" time="0.405" /><testcase classname="tests.test_non_pawn_scope_removal.TestPawnDashboardEndpoints" name="test_admin_dashboard" time="0.397" /><testcase classname="tests.test_non_pawn_scope_removal.TestPawnDashboardEndpoints" name="test_store_analytics_stats" time="0.413" /><testcase classname="tests.test_non_pawn_scope_removal.TestAdminSettingsEndpoints" name="test_admin_settings_session" time="0.398" /></testsuite></testsuites>