<?xml version="1.0" encoding="utf-8"?><testsuites name="pytest tests"><testsuite name="pytest" errors="0" failures="0" skipped="0" tests="16" time="3.560" timestamp="2026-03-25T05:43:46.664446+00:00" hostname="agent-env-8f539f23-70fe-41b5-b953-8eb564c33341"><testcase classname="backend.tests.test_opportunities_modal.TestOpportunitiesModalBackend" name="test_get_leads_kanban_view" time="0.444" /><testcase classname="backend.tests.test_opportunities_modal.TestOpportunitiesModalBackend" name="test_get_leads_list_view" time="0.071" /><testcase classname="backend.tests.test_opportunities_modal.TestOpportunitiesModalBackend" name="test_create_lead_with_all_fields" time="0.165" /><testcase classname="backend.tests.test_opportunities_modal.TestOpportunitiesModalBackend" name="test_update_lead_opportunity_details" time="0.203" /><testcase classname="backend.tests.test_opportunities_modal.TestOpportunitiesModalBackend" name="test_update_lead_appointments" time="0.216" /><testcase classname="backend.tests.test_opportunities_modal.TestOpportunitiesModalBackend" name="test_update_lead_tasks" time="0.191" /><testcase classname="backend.tests.test_opportunities_modal.TestOpportunitiesModalBackend" name="test_update_lead_notes_timeline" time="0.202" /><testcase classname="backend.tests.test_opportunities_modal.TestOpportunitiesModalBackend" name="test_update_lead_payments" time="0.208" /><testcase classname="backend.tests.test_opportunities_modal.TestOpportunitiesModalBackend" name="test_update_lead_associated_objects" time="0.208" /><testcase classname="backend.tests.test_opportunities_modal.TestOpportunitiesModalBackend" name="test_update_lead_status_drag_drop" time="0.316" /><testcase classname="backend.tests.test_opportunities_modal.TestOpportunitiesModalBackend" name="test_update_lead_status_invalid" time="0.146" /><testcase classname="backend.tests.test_opportunities_modal.TestOpportunitiesModalBackend" name="test_delete_lead" time="0.153" /><testcase classname="backend.tests.test_opportunities_modal.TestOpportunitiesModalBackend" name="test_convert_lead_to_client" time="0.523" /><testcase classname="backend.tests.test_opportunities_modal.TestOpportunitiesModalBackend" name="test_convert_lead_without_email_fails" time="0.144" /><testcase classname="backend.tests.test_opportunities_modal.TestOpportunitiesModalBackend" name="test_get_staff_for_owner_dropdown" time="0.049" /><testcase classname="backend.tests.test_opportunities_modal.TestOpportunitiesModalBackend" name="test_update_lead_owner_and_followers" time="0.228" /></testsuite></testsuites>