<?xml version="1.0" encoding="utf-8"?><testsuites name="pytest tests"><testsuite name="pytest" errors="0" failures="0" skipped="0" tests="11" time="9.659" timestamp="2026-03-16T00:40:10.087635+00:00" hostname="agent-env-f270cae3-4b74-42bc-be10-77728d2f5f28"><testcase classname="backend.tests.test_owner_chat_feature_flags.TestOwnerChatFeatureFlags" name="test_get_feature_flags_includes_owner_chat_flags" time="0.707" /><testcase classname="backend.tests.test_owner_chat_feature_flags.TestOwnerChatFeatureFlags" name="test_put_feature_flags_owner_chat_enabled_on" time="0.673" /><testcase classname="backend.tests.test_owner_chat_feature_flags.TestOwnerChatFeatureFlags" name="test_put_feature_flags_owner_chat_ai_enabled_on" time="0.702" /><testcase classname="backend.tests.test_owner_chat_feature_flags.TestOwnerChatFeatureFlags" name="test_put_feature_flags_both_toggles" time="0.624" /><testcase classname="backend.tests.test_owner_chat_feature_flags.TestOwnerChatFeatureFlags" name="test_public_feature_flags_endpoint" time="0.563" /><testcase classname="backend.tests.test_owner_chat_feature_flags.TestChatAdminGating" name="test_chat_admin_dashboard_blocked_when_flag_off" time="0.667" /><testcase classname="backend.tests.test_owner_chat_feature_flags.TestChatAdminGating" name="test_chat_admin_dashboard_allowed_when_flag_on" time="0.753" /><testcase classname="backend.tests.test_owner_chat_feature_flags.TestChatAdminGating" name="test_chat_admin_stats_blocked_when_flag_off" time="0.703" /><testcase classname="backend.tests.test_owner_chat_feature_flags.TestChatAdminGating" name="test_chat_admin_stats_allowed_when_flag_on" time="0.681" /><testcase classname="backend.tests.test_owner_chat_feature_flags.TestChatAIGating" name="test_chat_ai_disabled_message_when_flag_off" time="0.874" /><testcase classname="backend.tests.test_owner_chat_feature_flags.TestChatAIGating" name="test_chat_ai_responds_when_flag_on" time="2.643" /></testsuite></testsuites>