<?xml version="1.0" encoding="utf-8"?><testsuites name="pytest tests"><testsuite name="pytest" errors="0" failures="0" skipped="0" tests="19" time="2.459" timestamp="2026-03-05T23:40:26.993816+00:00" hostname="agent-env-dcdef787-28a4-42b4-91ab-04e2a9e59a05"><testcase classname="backend.tests.test_peptide_catalog.TestCatalogCategories" name="test_categories_endpoint_returns_200" time="0.139" /><testcase classname="backend.tests.test_peptide_catalog.TestCatalogCategories" name="test_all_pdf_categories_present" time="0.101" /><testcase classname="backend.tests.test_peptide_catalog.TestCatalogCategories" name="test_categories_have_product_counts" time="0.115" /><testcase classname="backend.tests.test_peptide_catalog.TestCatalogCategories" name="test_category_count_matches_expected" time="0.195" /><testcase classname="backend.tests.test_peptide_catalog.TestCatalogProducts" name="test_products_endpoint_returns_200" time="0.110" /><testcase classname="backend.tests.test_peptide_catalog.TestCatalogProducts" name="test_products_count_matches_catalog" time="0.131" /><testcase classname="backend.tests.test_peptide_catalog.TestCatalogProducts" name="test_expected_products_exist" time="0.118" /><testcase classname="backend.tests.test_peptide_catalog.TestCatalogProducts" name="test_no_old_placeholder_products" time="0.125" /><testcase classname="backend.tests.test_peptide_catalog.TestCatalogProducts" name="test_products_have_required_fields" time="0.113" /><testcase classname="backend.tests.test_peptide_catalog.TestProductOptions" name="test_products_have_custom_fields_data" time="0.111" /><testcase classname="backend.tests.test_peptide_catalog.TestProductOptions" name="test_custom_fields_have_strength_options" time="0.109" /><testcase classname="backend.tests.test_peptide_catalog.TestProductOptions" name="test_custom_fields_have_package_options" time="0.115" /><testcase classname="backend.tests.test_peptide_catalog.TestProductOptions" name="test_custom_fields_have_pricing_matrix" time="0.107" /><testcase classname="backend.tests.test_peptide_catalog.TestProductOptions" name="test_tirz_has_multiple_strengths" time="0.112" /><testcase classname="backend.tests.test_peptide_catalog.TestProductDetailAPI" name="test_get_product_by_id" time="0.226" /><testcase classname="backend.tests.test_peptide_catalog.TestProductDetailAPI" name="test_get_product_invalid_id_returns_404" time="0.103" /><testcase classname="backend.tests.test_peptide_catalog.TestCategoryFilter" name="test_filter_by_healing_recovery" time="0.121" /><testcase classname="backend.tests.test_peptide_catalog.TestCategoryFilter" name="test_filter_by_tirzepatide" time="0.128" /><testcase classname="backend.tests.test_peptide_catalog.TestSearchProducts" name="test_search_by_name" time="0.116" /></testsuite></testsuites>