<?xml version="1.0" encoding="utf-8"?><testsuites name="pytest tests"><testsuite name="pytest" errors="0" failures="0" skipped="0" tests="9" time="5.347" timestamp="2026-03-20T17:24:47.725471+00:00" hostname="agent-env-333ce165-7dc2-42eb-8b48-17696d089ed5"><testcase classname="backend.tests.test_printful_order_endpoints.TestPrintfulOrderEndpoints" name="test_eligibility_endpoint_requires_auth" time="0.969" /><testcase classname="backend.tests.test_printful_order_endpoints.TestPrintfulOrderEndpoints" name="test_eligibility_endpoint_returns_not_connected_error" time="0.590" /><testcase classname="backend.tests.test_printful_order_endpoints.TestPrintfulOrderEndpoints" name="test_eligibility_endpoint_structure" time="0.550" /><testcase classname="backend.tests.test_printful_order_endpoints.TestPrintfulOrderEndpoints" name="test_submit_endpoint_requires_auth" time="0.586" /><testcase classname="backend.tests.test_printful_order_endpoints.TestPrintfulOrderEndpoints" name="test_submit_endpoint_returns_not_connected_error" time="0.566" /><testcase classname="backend.tests.test_printful_order_endpoints.TestPrintfulOrderEndpoints" name="test_submit_endpoint_clear_error_message" time="0.553" /><testcase classname="backend.tests.test_printful_order_endpoints.TestPrintfulOrderEndpoints" name="test_orders_list_endpoint_still_works" time="0.499" /><testcase classname="backend.tests.test_printful_order_endpoints.TestPrintfulOrderEndpoints" name="test_orders_list_response_structure" time="0.501" /><testcase classname="backend.tests.test_printful_order_endpoints.TestPrintfulOrderEndpoints" name="test_printful_feature_flag_accessible" time="0.466" /></testsuite></testsuites>