<?xml version="1.0" encoding="utf-8"?><testsuites name="pytest tests"><testsuite name="pytest" errors="0" failures="0" skipped="0" tests="14" time="8.853" timestamp="2026-03-15T19:42:10.018951+00:00" hostname="agent-env-f270cae3-4b74-42bc-be10-77728d2f5f28"><testcase classname="backend.tests.test_printful_integration.TestPrintfulIntegration" name="test_public_feature_flags_returns_printful_enabled" time="0.502" /><testcase classname="backend.tests.test_printful_integration.TestPrintfulIntegration" name="test_admin_feature_flags_includes_printful_enabled" time="0.433" /><testcase classname="backend.tests.test_printful_integration.TestPrintfulIntegration" name="test_toggle_printful_enabled_on" time="0.659" /><testcase classname="backend.tests.test_printful_integration.TestPrintfulIntegration" name="test_toggle_printful_enabled_off" time="0.576" /><testcase classname="backend.tests.test_printful_integration.TestPrintfulIntegration" name="test_get_printful_credentials_empty_initially" time="0.596" /><testcase classname="backend.tests.test_printful_integration.TestPrintfulIntegration" name="test_save_printful_credentials" time="0.560" /><testcase classname="backend.tests.test_printful_integration.TestPrintfulIntegration" name="test_get_printful_credentials_after_save" time="0.679" /><testcase classname="backend.tests.test_printful_integration.TestPrintfulIntegration" name="test_save_credentials_validation_api_key_min_length" time="0.579" /><testcase classname="backend.tests.test_printful_integration.TestPrintfulIntegration" name="test_save_credentials_validation_webhook_min_length" time="0.573" /><testcase classname="backend.tests.test_printful_integration.TestPrintfulIntegration" name="test_validate_printful_with_placeholder_credentials" time="0.834" /><testcase classname="backend.tests.test_printful_integration.TestPrintfulIntegration" name="test_validate_printful_use_stored_credentials" time="0.866" /><testcase classname="backend.tests.test_printful_integration.TestPrintfulIntegration" name="test_validate_missing_credentials_returns_400" time="0.627" /><testcase classname="backend.tests.test_printful_integration.TestPrintfulIntegration" name="test_printful_endpoints_require_auth" time="0.619" /><testcase classname="backend.tests.test_printful_integration.TestPrintfulIntegration" name="test_printful_credentials_scoped_per_user" time="0.631" /></testsuite></testsuites>