<?xml version="1.0" encoding="utf-8"?><testsuites name="pytest tests"><testsuite name="pytest" errors="0" failures="2" skipped="0" tests="16" time="7.881" timestamp="2026-03-10T23:39:20.111813+00:00" hostname="agent-env-e7c583fa-085f-4ca2-88a8-7e0d4e1a2b04"><testcase classname="backend.tests.test_production_site.TestBasicEndpoints" name="test_homepage_loads" time="0.361" /><testcase classname="backend.tests.test_production_site.TestBasicEndpoints" name="test_api_health" time="0.170" /><testcase classname="backend.tests.test_production_site.TestBasicEndpoints" name="test_public_products" time="0.149"><failure message="AssertionError: Products API failed: 404&#10;assert 404 == 200&#10; +  where 404 = &lt;Response [404]&gt;.status_code">backend/tests/test_production_site.py:35: in test_public_products
    assert response.status_code == 200, f"Products API failed: {response.status_code}"
E   AssertionError: Products API failed: 404
E   assert 404 == 200
E    +  where 404 = &lt;Response [404]&gt;.status_code</failure></testcase><testcase classname="backend.tests.test_production_site.TestResearchLibrary" name="test_research_articles_list" time="0.210" /><testcase classname="backend.tests.test_production_site.TestResearchLibrary" name="test_research_categories" time="0.155" /><testcase classname="backend.tests.test_production_site.TestResearchLibrary" name="test_research_tags" time="0.136" /><testcase classname="backend.tests.test_production_site.TestResearchLibrary" name="test_research_article_detail" time="0.363" /><testcase classname="backend.tests.test_production_site.TestAdminAuth" name="test_admin_login" time="1.241" /><testcase classname="backend.tests.test_production_site.TestAdminAuth" name="test_admin_login_invalid_credentials" time="0.123" /><testcase classname="backend.tests.test_production_site.TestJohnny5CSVExport" name="test_johnny5_products_csv_export_requires_auth" time="0.227" /><testcase classname="backend.tests.test_production_site.TestJohnny5CSVExport" name="test_johnny5_products_csv_export" time="1.472" /><testcase classname="backend.tests.test_production_site.TestShippingRates" name="test_local_pickup_settings" time="0.126" /><testcase classname="backend.tests.test_production_site.TestCheckoutFlow" name="test_cart_operations" time="0.151" /><testcase classname="backend.tests.test_production_site.TestCheckoutFlow" name="test_tax_calculation_endpoint" time="0.118" /><testcase classname="backend.tests.test_production_site.TestAIProductGenerator" name="test_ai_keys_endpoint" time="1.359" /><testcase classname="backend.tests.test_production_site.TestWholesalePricing" name="test_products_have_wholesale_fields" time="1.397"><failure message="AssertionError: Products failed: 404&#10;assert 404 == 200&#10; +  where 404 = &lt;Response [404]&gt;.status_code">backend/tests/test_production_site.py:258: in test_products_have_wholesale_fields
    assert response.status_code == 200, f"Products failed: {response.status_code}"
E   AssertionError: Products failed: 404
E   assert 404 == 200
E    +  where 404 = &lt;Response [404]&gt;.status_code</failure></testcase></testsuite></testsuites>