<?xml version="1.0" encoding="utf-8"?><testsuites name="pytest tests"><testsuite name="pytest" errors="0" failures="0" skipped="0" tests="19" time="4.630" timestamp="2026-05-15T19:19:07.341212+00:00" hostname="agent-env-a08a0593-d9df-4835-8c47-414e564e186e"><testcase classname="backend.tests.test_product_file_upload_download.TestProductFilesListEndpoint" name="test_list_files_no_auth" time="0.210" /><testcase classname="backend.tests.test_product_file_upload_download.TestProductFilesListEndpoint" name="test_list_files_private_have_no_url" time="0.136" /><testcase classname="backend.tests.test_product_file_upload_download.TestProductFilesListEndpoint" name="test_list_files_public_have_url" time="0.111" /><testcase classname="backend.tests.test_product_file_upload_download.TestProductFilesListEndpoint" name="test_list_files_nonexistent_product" time="0.104" /><testcase classname="backend.tests.test_product_file_upload_download.TestProductFileUpload" name="test_upload_file_no_auth" time="0.130" /><testcase classname="backend.tests.test_product_file_upload_download.TestProductFileUpload" name="test_upload_public_file" time="0.504" /><testcase classname="backend.tests.test_product_file_upload_download.TestProductFileUpload" name="test_upload_private_file" time="0.130" /><testcase classname="backend.tests.test_product_file_upload_download.TestProductFileUpload" name="test_uploaded_file_appears_in_list" time="0.133" /><testcase classname="backend.tests.test_product_file_upload_download.TestProductFileToggle" name="test_toggle_requires_admin" time="0.142" /><testcase classname="backend.tests.test_product_file_upload_download.TestProductFileToggle" name="test_toggle_file_visibility" time="0.636" /><testcase classname="backend.tests.test_product_file_upload_download.TestProductFileDownload" name="test_download_public_file" time="0.386" /><testcase classname="backend.tests.test_product_file_upload_download.TestProductFileDownload" name="test_download_private_file_no_auth" time="0.591" /><testcase classname="backend.tests.test_product_file_upload_download.TestProductFileDelete" name="test_delete_requires_admin" time="0.136" /><testcase classname="backend.tests.test_product_file_upload_download.TestProductFileDelete" name="test_delete_nonexistent_file" time="0.118" /><testcase classname="backend.tests.test_product_file_upload_download.TestProductFileDelete" name="test_upload_and_delete_file" time="0.395" /><testcase classname="backend.tests.test_product_file_upload_download.TestOrdersMyEndpoint" name="test_orders_my_requires_auth" time="0.098" /><testcase classname="backend.tests.test_product_file_upload_download.TestOrdersMyEndpoint" name="test_orders_my_returns_orders_list" time="0.129" /><testcase classname="backend.tests.test_product_file_upload_download.TestOrdersMyEndpoint" name="test_orders_my_not_treated_as_order_id" time="0.106" /><testcase classname="backend.tests.test_product_file_upload_download.TestCleanup" name="test_cleanup_test_files" time="0.372" /></testsuite></testsuites>