<?xml version="1.0" encoding="utf-8"?><testsuites name="pytest tests"><testsuite name="pytest" errors="0" failures="0" skipped="0" tests="10" time="2.342" timestamp="2026-07-27T20:54:55.253551+00:00" hostname="agent-env-fd866779-be34-4905-8138-fe914320669d"><testcase classname="backend.tests.test_product_availability_visibility.TestProductAvailabilityToggle" name="test_admin_can_disable_product_availability" time="0.653" /><testcase classname="backend.tests.test_product_availability_visibility.TestProductAvailabilityToggle" name="test_disabled_product_excluded_from_public_list" time="0.156" /><testcase classname="backend.tests.test_product_availability_visibility.TestProductAvailabilityToggle" name="test_disabled_product_excluded_from_public_priced_list" time="0.155" /><testcase classname="backend.tests.test_product_availability_visibility.TestProductAvailabilityToggle" name="test_disabled_product_direct_fetch_returns_404_for_public" time="0.175" /><testcase classname="backend.tests.test_product_availability_visibility.TestProductAvailabilityToggle" name="test_disabled_product_seo_url_returns_404_for_public" time="0.144" /><testcase classname="backend.tests.test_product_availability_visibility.TestProductAvailabilityToggle" name="test_admin_can_still_see_disabled_product" time="0.189" /><testcase classname="backend.tests.test_product_availability_visibility.TestProductAvailabilityToggle" name="test_re_enable_product_reappears_publicly" time="0.254" /><testcase classname="backend.tests.test_product_availability_visibility.TestVisibilityToggleRegression" name="test_hidden_product_excluded_from_public_list_while_available" time="0.206" /><testcase classname="backend.tests.test_product_availability_visibility.TestVisibilityToggleRegression" name="test_visible_again_product_reappears" time="0.193" /><testcase classname="backend.tests.test_product_availability_visibility.TestVisibilityToggleRegression" name="test_both_enabled_product_visible_publicly" time="0.149" /></testsuite></testsuites>