<?xml version="1.0" encoding="utf-8"?><testsuites name="pytest tests"><testsuite name="pytest" errors="0" failures="0" skipped="1" tests="11" time="1.496" timestamp="2026-07-28T00:52:19.295041+00:00" hostname="agent-env-fd866779-be34-4905-8138-fe914320669d"><testcase classname="backend.tests.test_orders_trash.TestOrdersTrashAuthBoundary" name="test_get_trash_without_auth_returns_401" time="0.350" /><testcase classname="backend.tests.test_orders_trash.TestOrdersTrashAuthBoundary" name="test_bulk_trash_without_auth_returns_401" time="0.052" /><testcase classname="backend.tests.test_orders_trash.TestOrdersTrashAuthBoundary" name="test_bulk_restore_without_auth_returns_401" time="0.050" /><testcase classname="backend.tests.test_orders_trash.TestOrdersTrashAuthBoundary" name="test_bulk_permanent_delete_without_auth_returns_401" time="0.049" /><testcase classname="backend.tests.test_orders_trash.TestOrdersTrashAuthBoundary" name="test_empty_trash_without_auth_returns_401" time="0.047" /><testcase classname="backend.tests.test_orders_trash.TestOrdersTrashCRUDFlow" name="test_get_orders_list_excludes_trashed" time="0.345" /><testcase classname="backend.tests.test_orders_trash.TestOrdersTrashCRUDFlow" name="test_get_trash_list_structure" time="0.050" /><testcase classname="backend.tests.test_orders_trash.TestOrdersTrashCRUDFlow" name="test_full_trash_restore_lifecycle" time="0.348" /><testcase classname="backend.tests.test_orders_trash.TestOrdersTrashCRUDFlow" name="test_bulk_trash_empty_ids_returns_400" time="0.050" /><testcase classname="backend.tests.test_orders_trash.TestOrdersTrashCRUDFlow" name="test_permanent_delete_nonexistent_order_returns_zero" time="0.050" /><testcase classname="backend.tests.test_orders_trash.TestOrdersTrashAccountingExclusion" name="test_accounting_and_restore_order_excluded_from_stats" time="0.048"><skipped type="pytest.skip" message="No paid order with non-zero total available for accounting exclusion test">/app/backend/tests/test_orders_trash.py:190: No paid order with non-zero total available for accounting exclusion test</skipped></testcase></testsuite></testsuites>