<?xml version="1.0" encoding="utf-8"?><testsuites name="pytest tests"><testsuite name="pytest" errors="0" failures="0" skipped="0" tests="19" time="3.590" timestamp="2026-03-25T12:27:44.405730+00:00" hostname="agent-env-935f9096-4336-4735-8656-ff60960014b2"><testcase classname="backend.tests.test_quote_config_modal.TestQuoteFormConfig" name="test_get_quote_config" time="0.693" /><testcase classname="backend.tests.test_quote_config_modal.TestQuoteFormConfig" name="test_update_quote_config_visibility_toggles" time="0.126" /><testcase classname="backend.tests.test_quote_config_modal.TestQuoteFormConfig" name="test_update_quote_config_stripe_fees" time="0.213" /><testcase classname="backend.tests.test_quote_config_modal.TestQuoteFormConfig" name="test_update_quote_config_deposit_percent" time="0.115" /><testcase classname="backend.tests.test_quote_config_modal.TestQuoteFormConfig" name="test_update_quote_config_deposit_flat" time="0.113" /><testcase classname="backend.tests.test_quote_config_modal.TestQuoteFormConfig" name="test_quote_config_invalid_deposit_type" time="0.121" /><testcase classname="backend.tests.test_quote_config_modal.TestQuoteFormConfig" name="test_quote_config_negative_deposit_value" time="0.105" /><testcase classname="backend.tests.test_quote_config_modal.TestQuoteCatalogSeparation" name="test_get_quote_catalog_products" time="0.104" /><testcase classname="backend.tests.test_quote_config_modal.TestQuoteCatalogSeparation" name="test_get_quote_catalog_services" time="0.100" /><testcase classname="backend.tests.test_quote_config_modal.TestQuoteCatalogSeparation" name="test_create_quote_catalog_product" time="0.106" /><testcase classname="backend.tests.test_quote_config_modal.TestQuoteCatalogSeparation" name="test_create_quote_catalog_service" time="0.108" /><testcase classname="backend.tests.test_quote_config_modal.TestFeatureFlagQuotesEnabled" name="test_get_feature_flags_includes_quotes_enabled" time="0.103" /><testcase classname="backend.tests.test_quote_config_modal.TestFeatureFlagQuotesEnabled" name="test_public_feature_flags_includes_quotes_enabled" time="0.098" /><testcase classname="backend.tests.test_quote_config_modal.TestFeatureFlagQuotesEnabled" name="test_toggle_quotes_enabled_off" time="0.318" /><testcase classname="backend.tests.test_quote_config_modal.TestFeatureFlagQuotesEnabled" name="test_toggle_quotes_enabled_on" time="0.307" /><testcase classname="backend.tests.test_quote_config_modal.TestBusinessInfoSync" name="test_business_info_synced_to_quote_config" time="0.204" /><testcase classname="backend.tests.test_quote_config_modal.TestCleanup" name="test_cleanup_test_products" time="0.215" /><testcase classname="backend.tests.test_quote_config_modal.TestCleanup" name="test_cleanup_test_services" time="0.241" /><testcase classname="backend.tests.test_quote_config_modal.TestCleanup" name="test_restore_default_quote_config" time="0.108" /></testsuite></testsuites>