<?xml version="1.0" encoding="utf-8"?><testsuites name="pytest tests"><testsuite name="pytest" errors="0" failures="0" skipped="0" tests="14" time="2.648" timestamp="2026-03-25T11:13:50.996532+00:00" hostname="agent-env-935f9096-4336-4735-8656-ff60960014b2"><testcase classname="backend.tests.test_quote_contract_esign.TestContractTemplates" name="test_list_contract_templates" time="0.563" /><testcase classname="backend.tests.test_quote_contract_esign.TestContractTemplates" name="test_create_contract_template" time="0.106" /><testcase classname="backend.tests.test_quote_contract_esign.TestContractTemplates" name="test_update_contract_template" time="0.148" /><testcase classname="backend.tests.test_quote_contract_esign.TestContractTemplates" name="test_delete_contract_template" time="0.153" /><testcase classname="backend.tests.test_quote_contract_esign.TestQuoteCRUD" name="test_list_lead_quotes" time="0.160" /><testcase classname="backend.tests.test_quote_contract_esign.TestQuoteCRUD" name="test_create_lead_quote" time="0.103" /><testcase classname="backend.tests.test_quote_contract_esign.TestQuoteCRUD" name="test_update_lead_quote" time="0.157" /><testcase classname="backend.tests.test_quote_contract_esign.TestQuoteCRUD" name="test_delete_lead_quote" time="0.100" /><testcase classname="backend.tests.test_quote_contract_esign.TestPublicQuoteSigning" name="test_get_public_quote" time="0.201" /><testcase classname="backend.tests.test_quote_contract_esign.TestPublicQuoteSigning" name="test_sign_public_quote" time="0.325" /><testcase classname="backend.tests.test_quote_contract_esign.TestPublicQuoteSigning" name="test_cannot_sign_already_signed_quote" time="0.355" /><testcase classname="backend.tests.test_quote_contract_esign.TestBillingProducts" name="test_list_billing_products" time="0.066" /><testcase classname="backend.tests.test_quote_contract_esign.TestBillingProducts" name="test_list_billing_services" time="0.048" /><testcase classname="backend.tests.test_quote_contract_esign.TestCustomerQuoteLeadLink" name="test_resolve_customer_lead_link_not_found" time="0.100" /></testsuite></testsuites>