<?xml version="1.0" encoding="utf-8"?><testsuites name="pytest tests"><testsuite name="pytest" errors="0" failures="0" skipped="0" tests="16" time="2.845" timestamp="2026-03-25T12:04:34.979541+00:00" hostname="agent-env-935f9096-4336-4735-8656-ff60960014b2"><testcase classname="backend.tests.test_quote_catalog_settings.TestQuoteCatalogProducts" name="test_list_quote_products" time="0.570" /><testcase classname="backend.tests.test_quote_catalog_settings.TestQuoteCatalogProducts" name="test_create_quote_product" time="0.107" /><testcase classname="backend.tests.test_quote_catalog_settings.TestQuoteCatalogProducts" name="test_update_quote_product" time="0.146" /><testcase classname="backend.tests.test_quote_catalog_settings.TestQuoteCatalogProducts" name="test_delete_quote_product" time="0.112" /><testcase classname="backend.tests.test_quote_catalog_settings.TestQuoteCatalogServices" name="test_list_quote_services" time="0.101" /><testcase classname="backend.tests.test_quote_catalog_settings.TestQuoteCatalogServices" name="test_create_quote_service" time="0.108" /><testcase classname="backend.tests.test_quote_catalog_settings.TestQuoteCatalogServices" name="test_update_quote_service" time="0.161" /><testcase classname="backend.tests.test_quote_catalog_settings.TestQuoteCatalogServices" name="test_delete_quote_service" time="0.126" /><testcase classname="backend.tests.test_quote_catalog_settings.TestQuoteLeadSales" name="test_get_lead_sales" time="0.119" /><testcase classname="backend.tests.test_quote_catalog_settings.TestQuotesFeatureFlag" name="test_get_feature_flags" time="0.102" /><testcase classname="backend.tests.test_quote_catalog_settings.TestQuotesFeatureFlag" name="test_public_feature_flags_include_quotes" time="0.103" /><testcase classname="backend.tests.test_quote_catalog_settings.TestQuotesFeatureFlag" name="test_toggle_quotes_flag_off" time="0.399" /><testcase classname="backend.tests.test_quote_catalog_settings.TestQuotesFeatureFlag" name="test_toggle_quotes_flag_on" time="0.306" /><testcase classname="backend.tests.test_quote_catalog_settings.TestBillingEndpointsForQuotes" name="test_billing_products" time="0.099" /><testcase classname="backend.tests.test_quote_catalog_settings.TestBillingEndpointsForQuotes" name="test_billing_services" time="0.106" /><testcase classname="backend.tests.test_quote_catalog_settings.TestQuoteWorkspaceLead" name="test_get_or_create_workspace_lead" time="0.107" /></testsuite></testsuites>