<?xml version="1.0" encoding="utf-8"?><testsuites name="pytest tests"><testsuite name="pytest" errors="0" failures="0" skipped="0" tests="14" time="2.553" timestamp="2026-03-25T11:00:11.319314+00:00" hostname="agent-env-935f9096-4336-4735-8656-ff60960014b2"><testcase classname="backend.tests.test_quote_contract_esign.TestContractTemplates" name="test_list_contract_templates" time="0.494" /><testcase classname="backend.tests.test_quote_contract_esign.TestContractTemplates" name="test_create_contract_template" time="0.109" /><testcase classname="backend.tests.test_quote_contract_esign.TestContractTemplates" name="test_update_contract_template" time="0.143" /><testcase classname="backend.tests.test_quote_contract_esign.TestContractTemplates" name="test_delete_contract_template" time="0.165" /><testcase classname="backend.tests.test_quote_contract_esign.TestQuoteCRUD" name="test_list_lead_quotes" time="0.144" /><testcase classname="backend.tests.test_quote_contract_esign.TestQuoteCRUD" name="test_create_lead_quote" time="0.103" /><testcase classname="backend.tests.test_quote_contract_esign.TestQuoteCRUD" name="test_update_lead_quote" time="0.157" /><testcase classname="backend.tests.test_quote_contract_esign.TestQuoteCRUD" name="test_delete_lead_quote" time="0.097" /><testcase classname="backend.tests.test_quote_contract_esign.TestPublicQuoteSigning" name="test_get_public_quote" time="0.218" /><testcase classname="backend.tests.test_quote_contract_esign.TestPublicQuoteSigning" name="test_sign_public_quote" time="0.326" /><testcase classname="backend.tests.test_quote_contract_esign.TestPublicQuoteSigning" name="test_cannot_sign_already_signed_quote" time="0.320" /><testcase classname="backend.tests.test_quote_contract_esign.TestBillingProducts" name="test_list_billing_products" time="0.049" /><testcase classname="backend.tests.test_quote_contract_esign.TestBillingProducts" name="test_list_billing_services" time="0.046" /><testcase classname="backend.tests.test_quote_contract_esign.TestCustomerQuoteLeadLink" name="test_resolve_customer_lead_link_not_found" time="0.095" /></testsuite></testsuites>