<?xml version="1.0" encoding="utf-8"?><testsuites name="pytest tests"><testsuite name="pytest" errors="0" failures="0" skipped="0" tests="44" time="9.000" timestamp="2026-07-21T01:22:39.984188+00:00" hostname="agent-env-09e75acb-3c46-41e1-a418-84d1be6ffbbc"><testcase classname="backend.tests.test_quote_order_shipping.TestQuoteShippingCost" name="test_create_quote_with_shipping_cost_persists" time="0.913" /><testcase classname="backend.tests.test_quote_order_shipping.TestQuoteShippingCost" name="test_create_quote_with_no_shipping_cost_is_null" time="0.335" /><testcase classname="backend.tests.test_quote_order_shipping.TestQuoteShippingCost" name="test_update_quote_shipping_cost_then_clear" time="0.425" /><testcase classname="backend.tests.test_quote_order_shipping.TestConvertToInvoiceCarriesShipping" name="test_convert_to_invoice_carries_shipping_cost" time="0.435" /><testcase classname="backend.tests.test_quote_order_shipping.TestQuoteCatalogShippingFields" name="test_create_product_with_shipping_dims" time="0.309" /><testcase classname="backend.tests.test_quote_order_shipping.TestQuoteCatalogShippingFields" name="test_sync_from_store" time="0.194" /><testcase classname="backend.tests.test_quote_order_shipping.TestShippingRatesCheckout" name="test_checkout_rates_returns_fallback_rates" time="0.103" /><testcase classname="backend.tests.test_quote_order_shipping.TestOrderShippingPatch" name="test_patch_shipping_requires_existing_order" time="0.120" /><testcase classname="backend.tests.test_quote_order_shipping.TestOrderShippingPatch" name="test_patch_shipping_recalculates_total_on_real_order" time="0.528" /><testcase classname="backend.tests.test_quote_contract_esign.TestContractTemplates" name="test_list_contract_templates" time="0.473" /><testcase classname="backend.tests.test_quote_contract_esign.TestContractTemplates" name="test_create_contract_template" time="0.103" /><testcase classname="backend.tests.test_quote_contract_esign.TestContractTemplates" name="test_update_contract_template" time="0.164" /><testcase classname="backend.tests.test_quote_contract_esign.TestContractTemplates" name="test_delete_contract_template" time="0.143" /><testcase classname="backend.tests.test_quote_contract_esign.TestQuoteCRUD" name="test_list_lead_quotes" time="0.148" /><testcase classname="backend.tests.test_quote_contract_esign.TestQuoteCRUD" name="test_create_lead_quote" time="0.120" /><testcase classname="backend.tests.test_quote_contract_esign.TestQuoteCRUD" name="test_update_lead_quote" time="0.141" /><testcase classname="backend.tests.test_quote_contract_esign.TestQuoteCRUD" name="test_delete_lead_quote" time="0.097" /><testcase classname="backend.tests.test_quote_contract_esign.TestPublicQuoteSigning" name="test_get_public_quote" time="0.229" /><testcase classname="backend.tests.test_quote_contract_esign.TestPublicQuoteSigning" name="test_sign_public_quote" time="0.325" /><testcase classname="backend.tests.test_quote_contract_esign.TestPublicQuoteSigning" name="test_cannot_sign_already_signed_quote" time="0.306" /><testcase classname="backend.tests.test_quote_contract_esign.TestBillingProducts" name="test_list_billing_products" time="0.047" /><testcase classname="backend.tests.test_quote_contract_esign.TestBillingProducts" name="test_list_billing_services" time="0.058" /><testcase classname="backend.tests.test_quote_contract_esign.TestCustomerQuoteLeadLink" name="test_resolve_customer_lead_link_not_found" time="0.093" /><testcase classname="backend.tests.test_quote_catalog_settings.TestQuoteCatalogProducts" name="test_list_quote_products" time="0.418" /><testcase classname="backend.tests.test_quote_catalog_settings.TestQuoteCatalogProducts" name="test_create_quote_product" time="0.206" /><testcase classname="backend.tests.test_quote_catalog_settings.TestQuoteCatalogProducts" name="test_update_quote_product" time="0.126" /><testcase classname="backend.tests.test_quote_catalog_settings.TestQuoteCatalogProducts" name="test_delete_quote_product" time="0.098" /><testcase classname="backend.tests.test_quote_catalog_settings.TestQuoteCatalogServices" name="test_list_quote_services" time="0.101" /><testcase classname="backend.tests.test_quote_catalog_settings.TestQuoteCatalogServices" name="test_create_quote_service" time="0.108" /><testcase classname="backend.tests.test_quote_catalog_settings.TestQuoteCatalogServices" name="test_update_quote_service" time="0.245" /><testcase classname="backend.tests.test_quote_catalog_settings.TestQuoteCatalogServices" name="test_delete_quote_service" time="0.105" /><testcase classname="backend.tests.test_quote_catalog_settings.TestQuoteLeadSales" name="test_get_lead_sales" time="0.097" /><testcase classname="backend.tests.test_quote_catalog_settings.TestQuotesFeatureFlag" name="test_get_feature_flags" time="0.108" /><testcase classname="backend.tests.test_quote_catalog_settings.TestQuotesFeatureFlag" name="test_public_feature_flags_include_quotes" time="0.093" /><testcase classname="backend.tests.test_quote_catalog_settings.TestQuotesFeatureFlag" name="test_toggle_quotes_flag_off" time="0.335" /><testcase classname="backend.tests.test_quote_catalog_settings.TestQuotesFeatureFlag" name="test_toggle_quotes_flag_on" time="0.318" /><testcase classname="backend.tests.test_quote_catalog_settings.TestBillingEndpointsForQuotes" name="test_billing_products" time="0.107" /><testcase classname="backend.tests.test_quote_catalog_settings.TestBillingEndpointsForQuotes" name="test_billing_services" time="0.100" /><testcase classname="backend.tests.test_quote_catalog_settings.TestQuoteWorkspaceLead" name="test_get_or_create_workspace_lead" time="0.120" /><testcase classname="backend.tests.test_shipping_send_to_shippo.TestCheckoutRatesWithItems" name="test_checkout_rates_with_heavy_item_does_not_crash" time="0.111" /><testcase classname="backend.tests.test_shipping_send_to_shippo.TestCheckoutRatesWithItems" name="test_checkout_rates_backward_compat_weight_oz" time="0.052" /><testcase classname="backend.tests.test_shipping_send_to_shippo.TestCheckoutRatesWithItems" name="test_checkout_rates_multi_qty_heavy" time="0.068" /><testcase classname="backend.tests.test_shipping_send_to_shippo.TestCreateLabelEndpoint" name="test_create_label_404_for_nonexistent_order" time="0.059" /><testcase classname="backend.tests.test_shipping_send_to_shippo.TestCreateLabelEndpoint" name="test_create_label_for_real_order_no_500" time="0.128" /></testsuite></testsuites>