<?xml version="1.0" encoding="utf-8"?><testsuites name="pytest tests"><testsuite name="pytest" errors="0" failures="0" skipped="0" tests="9" time="3.543" timestamp="2026-07-21T01:13:35.068906+00:00" hostname="agent-env-09e75acb-3c46-41e1-a418-84d1be6ffbbc"><testcase classname="backend.tests.test_quote_order_shipping.TestQuoteShippingCost" name="test_create_quote_with_shipping_cost_persists" time="0.975" /><testcase classname="backend.tests.test_quote_order_shipping.TestQuoteShippingCost" name="test_create_quote_with_no_shipping_cost_is_null" time="0.368" /><testcase classname="backend.tests.test_quote_order_shipping.TestQuoteShippingCost" name="test_update_quote_shipping_cost_then_clear" time="0.440" /><testcase classname="backend.tests.test_quote_order_shipping.TestConvertToInvoiceCarriesShipping" name="test_convert_to_invoice_carries_shipping_cost" time="0.332" /><testcase classname="backend.tests.test_quote_order_shipping.TestQuoteCatalogShippingFields" name="test_create_product_with_shipping_dims" time="0.303" /><testcase classname="backend.tests.test_quote_order_shipping.TestQuoteCatalogShippingFields" name="test_sync_from_store" time="0.227" /><testcase classname="backend.tests.test_quote_order_shipping.TestShippingRatesCheckout" name="test_checkout_rates_returns_fallback_rates" time="0.143" /><testcase classname="backend.tests.test_quote_order_shipping.TestOrderShippingPatch" name="test_patch_shipping_requires_existing_order" time="0.144" /><testcase classname="backend.tests.test_quote_order_shipping.TestOrderShippingPatch" name="test_patch_shipping_recalculates_total_on_real_order" time="0.556" /></testsuite></testsuites>