<?xml version="1.0" encoding="utf-8"?><testsuites name="pytest tests"><testsuite name="pytest" errors="0" failures="0" skipped="0" tests="17" time="3.196" timestamp="2026-03-25T12:49:01.428546+00:00" hostname="agent-env-935f9096-4336-4735-8656-ff60960014b2"><testcase classname="backend.tests.test_quote_flow_config.TestQuoteFlowConfig" name="test_get_flow_config_returns_200" time="0.581" /><testcase classname="backend.tests.test_quote_flow_config.TestQuoteFlowConfig" name="test_get_flow_config_has_all_fields" time="0.124" /><testcase classname="backend.tests.test_quote_flow_config.TestQuoteFlowConfig" name="test_update_flow_config_start_status_draft" time="0.117" /><testcase classname="backend.tests.test_quote_flow_config.TestQuoteFlowConfig" name="test_update_flow_config_start_status_sent" time="0.110" /><testcase classname="backend.tests.test_quote_flow_config.TestQuoteFlowConfig" name="test_update_flow_config_invalid_start_status" time="0.137" /><testcase classname="backend.tests.test_quote_flow_config.TestQuoteFlowConfig" name="test_update_flow_config_status_on_send_options" time="0.387" /><testcase classname="backend.tests.test_quote_flow_config.TestQuoteFlowConfig" name="test_update_flow_config_invalid_status_on_send" time="0.116" /><testcase classname="backend.tests.test_quote_flow_config.TestQuoteFlowConfig" name="test_update_flow_config_status_on_sign_options" time="0.314" /><testcase classname="backend.tests.test_quote_flow_config.TestQuoteFlowConfig" name="test_update_flow_config_invalid_status_on_sign" time="0.104" /><testcase classname="backend.tests.test_quote_flow_config.TestQuoteFlowConfig" name="test_update_flow_config_boolean_fields" time="0.103" /><testcase classname="backend.tests.test_quote_flow_config.TestQuoteFlowConfig" name="test_reset_flow_config_returns_200" time="0.108" /><testcase classname="backend.tests.test_quote_flow_config.TestQuoteFlowConfig" name="test_reset_flow_config_restores_defaults" time="0.206" /><testcase classname="backend.tests.test_quote_flow_config.TestQuoteFlowConfig" name="test_reset_flow_config_returns_message" time="0.106" /><testcase classname="backend.tests.test_quote_flow_config.TestQuoteFlowConfig" name="test_get_flow_config_after_reset" time="0.218" /><testcase classname="backend.tests.test_quote_flow_config.TestQuoteFlowConfigUnauthorized" name="test_get_flow_config_requires_auth" time="0.177" /><testcase classname="backend.tests.test_quote_flow_config.TestQuoteFlowConfigUnauthorized" name="test_put_flow_config_requires_auth" time="0.101" /><testcase classname="backend.tests.test_quote_flow_config.TestQuoteFlowConfigUnauthorized" name="test_reset_flow_config_requires_auth" time="0.102" /></testsuite></testsuites>