<?xml version="1.0" encoding="utf-8"?><testsuites name="pytest tests"><testsuite name="pytest" errors="0" failures="0" skipped="0" tests="16" time="8.318" timestamp="2026-03-25T06:22:45.049905+00:00" hostname="agent-env-8f539f23-70fe-41b5-b953-8eb564c33341"><testcase classname="backend.tests.test_resend_appointment.TestResendAppointmentInfo" name="test_resend_endpoint_exists" time="0.642" /><testcase classname="backend.tests.test_resend_appointment.TestResendAppointmentInfo" name="test_resend_with_appointment_id" time="0.499" /><testcase classname="backend.tests.test_resend_appointment.TestResendAppointmentInfo" name="test_resend_with_appointment_index" time="0.479" /><testcase classname="backend.tests.test_resend_appointment.TestResendAppointmentInfo" name="test_resend_with_both_id_and_index" time="0.464" /><testcase classname="backend.tests.test_resend_appointment.TestResendAppointmentInfo" name="test_resend_invalid_lead_id" time="0.385" /><testcase classname="backend.tests.test_resend_appointment.TestResendAppointmentInfo" name="test_resend_invalid_appointment_id" time="0.473" /><testcase classname="backend.tests.test_resend_appointment.TestResendAppointmentInfo" name="test_resend_invalid_appointment_index" time="0.480" /><testcase classname="backend.tests.test_resend_appointment.TestResendAppointmentInfo" name="test_resend_no_appointments" time="0.463" /><testcase classname="backend.tests.test_resend_appointment.TestResendAppointmentInfo" name="test_resend_requires_auth" time="0.525" /><testcase classname="backend.tests.test_resend_appointment.TestExistingAppointmentBehavior" name="test_add_appointment_still_works" time="0.509" /><testcase classname="backend.tests.test_resend_appointment.TestExistingAppointmentBehavior" name="test_update_appointment_still_works" time="0.510" /><testcase classname="backend.tests.test_resend_appointment.TestExistingAppointmentBehavior" name="test_delete_appointment_still_works" time="0.524" /><testcase classname="backend.tests.test_resend_appointment.TestNoRegressionOtherActions" name="test_lead_update_still_works" time="0.539" /><testcase classname="backend.tests.test_resend_appointment.TestNoRegressionOtherActions" name="test_lead_delete_still_works" time="0.462" /><testcase classname="backend.tests.test_resend_appointment.TestNoRegressionOtherActions" name="test_lead_status_update_still_works" time="0.517" /><testcase classname="backend.tests.test_resend_appointment.TestNoRegressionOtherActions" name="test_convert_to_client_still_works" time="0.759" /></testsuite></testsuites>