<?xml version="1.0" encoding="utf-8"?><testsuites name="pytest tests"><testsuite name="pytest" errors="0" failures="0" skipped="0" tests="18" time="2.831" timestamp="2026-03-05T23:20:24.002939+00:00" hostname="agent-env-dcdef787-28a4-42b4-91ab-04e2a9e59a05"><testcase classname="backend.tests.test_research_library.TestResearchArticlesList" name="test_get_articles_default" time="0.195" /><testcase classname="backend.tests.test_research_library.TestResearchArticlesList" name="test_get_articles_pagination" time="0.158" /><testcase classname="backend.tests.test_research_library.TestResearchArticlesList" name="test_get_articles_filter_by_category" time="0.122" /><testcase classname="backend.tests.test_research_library.TestResearchArticlesList" name="test_get_articles_filter_by_tag" time="0.122" /><testcase classname="backend.tests.test_research_library.TestResearchArticlesList" name="test_get_articles_search" time="0.123" /><testcase classname="backend.tests.test_research_library.TestResearchArticlesList" name="test_get_articles_combined_filters" time="0.117" /><testcase classname="backend.tests.test_research_library.TestResearchArticlesList" name="test_get_articles_invalid_filter" time="0.113" /><testcase classname="backend.tests.test_research_library.TestResearchArticleDetail" name="test_get_article_by_slug" time="0.125" /><testcase classname="backend.tests.test_research_library.TestResearchArticleDetail" name="test_get_article_not_found" time="0.112" /><testcase classname="backend.tests.test_research_library.TestResearchArticleDetail" name="test_get_article_invalid_slug_format" time="0.116" /><testcase classname="backend.tests.test_research_library.TestResearchArticleDetail" name="test_get_article_includes_meta_fields" time="0.139" /><testcase classname="backend.tests.test_research_library.TestResearchArticleDetail" name="test_get_article_includes_related_products" time="0.131" /><testcase classname="backend.tests.test_research_library.TestResearchCategories" name="test_get_categories" time="0.118" /><testcase classname="backend.tests.test_research_library.TestResearchTags" name="test_get_tags" time="0.123" /><testcase classname="backend.tests.test_research_library.TestResearchTags" name="test_get_tags_sorted_by_count" time="0.101" /><testcase classname="backend.tests.test_research_library.TestResearchDataIntegrity" name="test_article_list_matches_detail" time="0.253" /><testcase classname="backend.tests.test_research_library.TestResearchDataIntegrity" name="test_category_filter_returns_valid_categories" time="0.478" /><testcase classname="backend.tests.test_research_library.TestResearchDataIntegrity" name="test_total_count_consistency" time="0.125" /></testsuite></testsuites>