<?xml version="1.0" encoding="utf-8"?><testsuites name="pytest tests"><testsuite name="pytest" errors="0" failures="0" skipped="0" tests="8" time="37.586" timestamp="2026-03-20T06:55:18.512481+00:00" hostname="agent-env-333ce165-7dc2-42eb-8b48-17696d089ed5"><testcase classname="backend.tests.test_screensaver_settings.TestScreensaverSettings" name="test_get_screensaver_settings_requires_auth" time="35.998" /><testcase classname="backend.tests.test_screensaver_settings.TestScreensaverSettings" name="test_get_screensaver_settings_with_auth" time="0.536" /><testcase classname="backend.tests.test_screensaver_settings.TestScreensaverSettings" name="test_put_screensaver_settings_requires_auth" time="0.157" /><testcase classname="backend.tests.test_screensaver_settings.TestScreensaverSettings" name="test_put_screensaver_settings_with_auth" time="0.139" /><testcase classname="backend.tests.test_screensaver_settings.TestScreensaverSettings" name="test_put_and_get_persistence" time="0.292" /><testcase classname="backend.tests.test_screensaver_settings.TestScreensaverSettings" name="test_count_clamping_min" time="0.130" /><testcase classname="backend.tests.test_screensaver_settings.TestScreensaverSettings" name="test_count_clamping_max" time="0.114" /><testcase classname="backend.tests.test_screensaver_settings.TestScreensaverSettings" name="test_restore_default_settings" time="0.155" /></testsuite></testsuites>