<?xml version="1.0" encoding="utf-8"?><testsuites name="pytest tests"><testsuite name="pytest" errors="0" failures="0" skipped="0" tests="12" time="8.943" timestamp="2026-07-14T17:59:28.768051+00:00" hostname="agent-env-412b9ec3-454a-4320-bad8-368cad78d015"><testcase classname="tests.test_shipping_settings.TestShippingSettingsSaveAndMask" name="test_put_saves_and_get_returns_masked_key" time="0.489" /><testcase classname="tests.test_shipping_settings.TestShippingSettingsSaveAndMask" name="test_put_with_masked_key_does_not_overwrite_stored_key" time="0.473" /><testcase classname="tests.test_shipping_settings.TestTestConnectionBodyResolution" name="test_shippo_body_key_returns_200_without_saving" time="0.292" /><testcase classname="tests.test_shipping_settings.TestTestConnectionBodyResolution" name="test_shippo_no_body_no_stored_key_returns_400" time="0.236" /><testcase classname="tests.test_shipping_settings.TestTestConnectionBodyResolution" name="test_shippo_masked_body_falls_back_to_stored" time="0.349" /><testcase classname="tests.test_shipping_settings.TestTestConnectionBodyResolution" name="test_shippo_empty_body_string_no_stored_returns_400" time="0.190" /><testcase classname="tests.test_shipping_settings.TestOtherProvidersRegression" name="test_easypost_body_key_returns_200" time="0.409" /><testcase classname="tests.test_shipping_settings.TestOtherProvidersRegression" name="test_easypost_no_creds_returns_400" time="0.183" /><testcase classname="tests.test_shipping_settings.TestOtherProvidersRegression" name="test_shipstation_body_creds_returns_200" time="5.514" /><testcase classname="tests.test_shipping_settings.TestOtherProvidersRegression" name="test_shipstation_missing_secret_returns_400" time="0.158" /><testcase classname="tests.test_shipping_settings.TestOtherProvidersRegression" name="test_stamps_body_creds_returns_200" time="0.424" /><testcase classname="tests.test_shipping_settings.TestOtherProvidersRegression" name="test_invalid_provider_returns_400" time="0.169" /></testsuite></testsuites>