<?xml version="1.0" encoding="utf-8"?><testsuites name="pytest tests"><testsuite name="pytest" errors="0" failures="0" skipped="0" tests="5" time="0.468" timestamp="2026-07-17T17:34:59.291606+00:00" hostname="agent-env-412b9ec3-454a-4320-bad8-368cad78d015"><testcase classname="backend.tests.test_shipping_send_to_shippo.TestCheckoutRatesWithItems" name="test_checkout_rates_with_heavy_item_does_not_crash" time="0.170" /><testcase classname="backend.tests.test_shipping_send_to_shippo.TestCheckoutRatesWithItems" name="test_checkout_rates_backward_compat_weight_oz" time="0.046" /><testcase classname="backend.tests.test_shipping_send_to_shippo.TestCheckoutRatesWithItems" name="test_checkout_rates_multi_qty_heavy" time="0.046" /><testcase classname="backend.tests.test_shipping_send_to_shippo.TestCreateLabelEndpoint" name="test_create_label_404_for_nonexistent_order" time="0.047" /><testcase classname="backend.tests.test_shipping_send_to_shippo.TestCreateLabelEndpoint" name="test_create_label_for_real_order_no_500" time="0.106" /></testsuite></testsuites>