<?xml version="1.0" encoding="utf-8"?><testsuites name="pytest tests"><testsuite name="pytest" errors="0" failures="0" skipped="0" tests="10" time="1.699" timestamp="2026-03-24T01:48:14.777824+00:00" hostname="agent-env-8f539f23-70fe-41b5-b953-8eb564c33341"><testcase classname="backend.tests.test_shop_category_flow.TestCategoryAPIFields" name="test_categories_endpoint_returns_200" time="0.303" /><testcase classname="backend.tests.test_shop_category_flow.TestCategoryAPIFields" name="test_categories_response_is_list" time="0.387" /><testcase classname="backend.tests.test_shop_category_flow.TestCategoryAPIFields" name="test_category_has_product_info_url_field" time="0.117" /><testcase classname="backend.tests.test_shop_category_flow.TestCategoryAPIFields" name="test_category_has_shop_target_url_field" time="0.103" /><testcase classname="backend.tests.test_shop_category_flow.TestCategoryAPIFields" name="test_category_has_required_fields" time="0.147" /><testcase classname="backend.tests.test_shop_category_flow.TestCategoryAPIFields" name="test_category_parent_id_can_be_null" time="0.109" /><testcase classname="backend.tests.test_shop_category_flow.TestProductsEndpoint" name="test_products_endpoint_returns_200" time="0.101" /><testcase classname="backend.tests.test_shop_category_flow.TestProductsEndpoint" name="test_products_response_structure" time="0.108" /><testcase classname="backend.tests.test_shop_category_flow.TestShopRoutes" name="test_shop_page_accessible" time="0.150" /><testcase classname="backend.tests.test_shop_category_flow.TestShopRoutes" name="test_shop_products_page_accessible" time="0.114" /></testsuite></testsuites>