<?xml version="1.0" encoding="utf-8"?><testsuites name="pytest tests"><testsuite name="pytest" errors="0" failures="0" skipped="0" tests="12" time="8.429" timestamp="2026-03-08T22:39:20.119004+00:00" hostname="agent-env-61450999-cfbd-4c3c-a53a-ecf6565cc43f"><testcase classname="backend.tests.test_site_settings.TestPublicSiteSettings" name="test_get_public_site_settings" time="0.234" /><testcase classname="backend.tests.test_site_settings.TestPublicSiteSettings" name="test_public_site_settings_has_default_logo" time="0.114" /><testcase classname="backend.tests.test_site_settings.TestAdminSiteSettings" name="test_get_admin_site_settings" time="0.479" /><testcase classname="backend.tests.test_site_settings.TestAdminSiteSettings" name="test_update_site_name" time="0.845" /><testcase classname="backend.tests.test_site_settings.TestAdminSiteSettings" name="test_update_logo_url" time="0.837" /><testcase classname="backend.tests.test_site_settings.TestAdminSiteSettings" name="test_update_favicon_url" time="0.929" /><testcase classname="backend.tests.test_site_settings.TestAdminSiteSettings" name="test_toggle_maintenance_mode" time="0.795" /><testcase classname="backend.tests.test_site_settings.TestAdminSiteSettings" name="test_toggle_debug_mode" time="0.774" /><testcase classname="backend.tests.test_site_settings.TestAdminSiteSettings" name="test_update_contact_emails" time="0.841" /><testcase classname="backend.tests.test_site_settings.TestAdminSiteSettings" name="test_settings_persistence" time="1.202" /><testcase classname="backend.tests.test_site_settings.TestMaintenanceModeEffect" name="test_maintenance_mode_flag_returned_correctly" time="0.475" /><testcase classname="backend.tests.test_site_settings.TestMaintenanceModeEffect" name="test_admin_can_access_settings_regardless_of_maintenance_mode" time="0.811" /></testsuite></testsuites>