<?xml version="1.0" encoding="utf-8"?><testsuites name="pytest tests"><testsuite name="pytest" errors="0" failures="1" skipped="0" tests="7" time="2.117" timestamp="2026-07-15T00:55:27.030298+00:00" hostname="agent-env-412b9ec3-454a-4320-bad8-368cad78d015"><testcase classname="backend.tests.test_stripe_checkout.TestStripePublicSettings" name="test_stripe_public_settings" time="0.260" /><testcase classname="backend.tests.test_stripe_checkout.TestStripeOrder" name="test_create_stripe_order_returns_redirect" time="0.627" /><testcase classname="backend.tests.test_stripe_checkout.TestStripeOrder" name="test_stripe_status_idempotent" time="0.658" /><testcase classname="backend.tests.test_stripe_checkout.TestPaymentRegression" name="test_cashapp_order" time="0.116" /><testcase classname="backend.tests.test_stripe_checkout.TestPaymentRegression" name="test_venmo_order" time="0.121" /><testcase classname="backend.tests.test_stripe_checkout.TestPaymentRegression" name="test_paypal_order" time="0.102"><failure message="AssertionError: HTTP 503: {&quot;detail&quot;:&quot;PayPal gateway is not enabled&quot;}&#10;assert 503 in (200, 400)&#10; +  where 503 = &lt;Response [503]&gt;.status_code">backend/tests/test_stripe_checkout.py:129: in test_paypal_order
    assert r.status_code in (200, 400), f"HTTP {r.status_code}: {r.text}"
E   AssertionError: HTTP 503: {"detail":"PayPal gateway is not enabled"}
E   assert 503 in (200, 400)
E    +  where 503 = &lt;Response [503]&gt;.status_code</failure></testcase><testcase classname="backend.tests.test_stripe_checkout.TestPaymentRegression" name="test_durango_card_without_token_rejected_or_demo" time="0.137" /></testsuite></testsuites>