<?xml version="1.0" encoding="utf-8"?><testsuites name="pytest tests"><testsuite name="pytest" errors="0" failures="0" skipped="0" tests="12" time="13.520" timestamp="2026-03-10T02:02:08.857036+00:00" hostname="agent-env-a2cd8d66-ce50-48d7-aa7f-50e2d6da25f2"><testcase classname="backend.tests.test_system_backup.TestSystemBackupList" name="test_list_backups_requires_auth" time="0.178" /><testcase classname="backend.tests.test_system_backup.TestSystemBackupList" name="test_list_backups_with_auth" time="0.538" /><testcase classname="backend.tests.test_system_backup.TestSystemBackupCreate" name="test_create_backup_requires_auth" time="0.114" /><testcase classname="backend.tests.test_system_backup.TestSystemBackupCreate" name="test_create_backup_with_auth" time="0.757" /><testcase classname="backend.tests.test_system_backup.TestSystemBackupDownload" name="test_download_backup_requires_auth" time="0.959" /><testcase classname="backend.tests.test_system_backup.TestSystemBackupDownload" name="test_download_backup_with_auth" time="1.052" /><testcase classname="backend.tests.test_system_backup.TestSystemBackupDownload" name="test_download_invalid_backup_id" time="0.148" /><testcase classname="backend.tests.test_system_backup.TestSystemBackupRestore" name="test_restore_requires_auth" time="0.177" /><testcase classname="backend.tests.test_system_backup.TestSystemBackupRestore" name="test_restore_invalid_file_type" time="0.118" /><testcase classname="backend.tests.test_system_backup.TestSystemBackupRestore" name="test_restore_with_valid_zip" time="2.903" /><testcase classname="backend.tests.test_system_backup.TestRetentionPolicy" name="test_retention_keeps_max_5_backups" time="5.155" /><testcase classname="backend.tests.test_system_backup.TestBackupEndToEnd" name="test_create_then_download_flow" time="1.349" /></testsuite></testsuites>