<?xml version="1.0" encoding="utf-8"?><testsuites name="pytest tests"><testsuite name="pytest" errors="0" failures="0" skipped="0" tests="7" time="1.387" timestamp="2026-07-17T21:23:16.862734+00:00" hostname="agent-env-a44ee779-93ae-4197-b1c8-cbc752dff0da"><testcase classname="backend.tests.test_tax_exempt" name="test_upload_cert" time="0.607" /><testcase classname="backend.tests.test_tax_exempt" name="test_set_lead_tax_exempt_and_persist" time="0.174" /><testcase classname="backend.tests.test_tax_exempt" name="test_set_customer_tax_exempt_and_persist" time="0.330" /><testcase classname="backend.tests.test_tax_exempt" name="test_get_me_tax_exempt" time="0.057" /><testcase classname="backend.tests.test_tax_exempt" name="test_set_lead_not_found" time="0.060" /><testcase classname="backend.tests.test_tax_exempt" name="test_upload_requires_auth" time="0.048" /><testcase classname="backend.tests.test_tax_exempt" name="test_admin_settings_tax_available" time="0.051" /></testsuite></testsuites>