<?xml version="1.0" encoding="utf-8"?><testsuites name="pytest tests"><testsuite name="pytest" errors="0" failures="0" skipped="0" tests="26" time="4.675" timestamp="2026-07-25T22:49:28.823006+00:00" hostname="agent-env-09e75acb-3c46-41e1-a418-84d1be6ffbbc"><testcase classname="backend.tests.test_tours_charters_marketplace.TestFeatureFlag" name="test_public_feature_flag_present" time="0.175" /><testcase classname="backend.tests.test_tours_charters_marketplace.TestFeatureFlag" name="test_toggle_flag_on_and_off" time="0.945" /><testcase classname="backend.tests.test_tours_charters_marketplace.TestCategoriesCRUD" name="test_create_get_update_delete_category" time="0.235" /><testcase classname="backend.tests.test_tours_charters_marketplace.TestCategoriesCRUD" name="test_delete_nonexistent_category_404" time="0.047" /><testcase classname="backend.tests.test_tours_charters_marketplace.TestSellersCRUD" name="test_create_get_update_delete_seller" time="0.141" /><testcase classname="backend.tests.test_tours_charters_marketplace.TestSellersCRUD" name="test_delete_seller_with_activity_blocked" time="0.236" /><testcase classname="backend.tests.test_tours_charters_marketplace.TestActivitiesCRUD" name="test_create_activity_invalid_seller_400" time="0.084" /><testcase classname="backend.tests.test_tours_charters_marketplace.TestActivitiesCRUD" name="test_full_activity_lifecycle" time="0.670" /><testcase classname="backend.tests.test_tours_charters_marketplace.TestActivitiesCRUD" name="test_delete_category_pulls_from_activity" time="0.336" /><testcase classname="backend.tests.test_tours_charters_marketplace.TestFareHarborFields" name="test_seller_persists_fareharbor_shortname" time="0.097" /><testcase classname="backend.tests.test_tours_charters_marketplace.TestFareHarborFields" name="test_activity_own_fareharbor_shortname_overrides_seller" time="0.214" /><testcase classname="backend.tests.test_tours_charters_marketplace.TestFareHarborFields" name="test_activity_blank_shortname_falls_back_to_seller" time="0.193" /><testcase classname="backend.tests.test_tours_charters_marketplace.TestFareHarborFields" name="test_activity_generic_provider_default" time="0.111" /><testcase classname="backend.tests.test_tours_charters_marketplace.TestFareHarborFields" name="test_update_activity_booking_provider_to_fareharbor" time="0.184" /><testcase classname="backend.tests.test_tours_charters_marketplace.TestDashboardStats" name="test_dashboard_stats_shape" time="0.055" /><testcase classname="backend.tests.test_tours_charters_marketplace.TestAuthGuards" name="test_categories_requires_auth" time="0.109" /><testcase classname="backend.tests.test_tours_charters_marketplace.TestAuthGuards" name="test_activities_requires_auth" time="0.108" /><testcase classname="backend.tests.test_tours_charters_marketplace.TestAuthGuards" name="test_dashboard_requires_auth" time="0.106" /><testcase classname="backend.tests.test_tours_charters_marketplace.TestPublicEndpoints" name="test_public_categories_no_auth_needed" time="0.051" /><testcase classname="backend.tests.test_tours_charters_marketplace.TestPublicEndpoints" name="test_public_sellers_no_auth_needed" time="0.046" /><testcase classname="backend.tests.test_tours_charters_marketplace.TestPublicEndpoints" name="test_public_activities_filter_by_category_slug" time="0.048" /><testcase classname="backend.tests.test_tours_charters_marketplace.TestPublicEndpoints" name="test_public_activities_filter_by_seller_slug" time="0.048" /><testcase classname="backend.tests.test_tours_charters_marketplace.TestPublicEndpoints" name="test_public_activities_filter_by_unknown_slug_returns_empty" time="0.047" /><testcase classname="backend.tests.test_tours_charters_marketplace.TestPublicEndpoints" name="test_public_activity_detail_by_slug" time="0.048" /><testcase classname="backend.tests.test_tours_charters_marketplace.TestPublicEndpoints" name="test_public_activity_detail_404_for_unknown_slug" time="0.047" /><testcase classname="backend.tests.test_tours_charters_marketplace.TestPublicEndpoints" name="test_public_endpoints_do_not_return_inactive" time="0.230" /></testsuite></testsuites>