<?xml version="1.0" encoding="utf-8"?><testsuites name="pytest tests"><testsuite name="pytest" errors="0" failures="0" skipped="0" tests="80" time="16.966" timestamp="2026-07-26T03:02:05.740633+00:00" hostname="agent-env-78632c40-96b6-4631-b54c-756edfbea0c2"><testcase classname="backend.tests.test_booking_events_tracking.TestPublicActivitiesListingFields" name="test_sunset_sail_has_card_fields" time="0.159" /><testcase classname="backend.tests.test_booking_events_tracking.TestPublicActivitiesListingFields" name="test_category_filtered_listing_returns_activity" time="0.046" /><testcase classname="backend.tests.test_booking_events_tracking.TestPublicActivitiesListingFields" name="test_seller_filtered_listing_returns_activity" time="0.047" /><testcase classname="backend.tests.test_booking_events_tracking.TestBookingEventTrackingPublic" name="test_track_book_now_click_event" time="0.046" /><testcase classname="backend.tests.test_booking_events_tracking.TestBookingEventTrackingPublic" name="test_track_full_funnel_sequence_external_redirect" time="0.129" /><testcase classname="backend.tests.test_booking_events_tracking.TestBookingEventTrackingPublic" name="test_track_full_funnel_sequence_drawer_with_duration" time="0.154" /><testcase classname="backend.tests.test_booking_events_tracking.TestBookingEventTrackingPublic" name="test_missing_required_field_activity_id_rejected" time="0.044" /><testcase classname="backend.tests.test_booking_events_tracking.TestBookingEventsSummaryAdmin" name="test_summary_requires_auth" time="0.045" /><testcase classname="backend.tests.test_booking_events_tracking.TestBookingEventsSummaryAdmin" name="test_summary_returns_expected_shape" time="0.316" /><testcase classname="backend.tests.test_booking_events_tracking.TestBookingEventsSummaryAdmin" name="test_summary_reflects_newly_tracked_events" time="0.645" /><testcase classname="backend.tests.test_booking_events_tracking.TestBookingEventsSummaryAdmin" name="test_engaged_20s_plus_counts_only_long_durations" time="0.743" /><testcase classname="backend.tests.test_tours_charters_marketplace.TestFeatureFlag" name="test_public_feature_flag_present" time="0.109" /><testcase classname="backend.tests.test_tours_charters_marketplace.TestFeatureFlag" name="test_toggle_flag_on_and_off" time="0.895" /><testcase classname="backend.tests.test_tours_charters_marketplace.TestCategoriesCRUD" name="test_create_get_update_delete_category" time="0.271" /><testcase classname="backend.tests.test_tours_charters_marketplace.TestCategoriesCRUD" name="test_delete_nonexistent_category_404" time="0.047" /><testcase classname="backend.tests.test_tours_charters_marketplace.TestSellersCRUD" name="test_create_get_update_delete_seller" time="0.162" /><testcase classname="backend.tests.test_tours_charters_marketplace.TestSellersCRUD" name="test_delete_seller_with_activity_blocked" time="0.258" /><testcase classname="backend.tests.test_tours_charters_marketplace.TestActivitiesCRUD" name="test_create_activity_invalid_seller_400" time="0.054" /><testcase classname="backend.tests.test_tours_charters_marketplace.TestActivitiesCRUD" name="test_full_activity_lifecycle" time="0.397" /><testcase classname="backend.tests.test_tours_charters_marketplace.TestActivitiesCRUD" name="test_delete_category_pulls_from_activity" time="0.355" /><testcase classname="backend.tests.test_tours_charters_marketplace.TestActivityFieldRefinement" name="test_alias_auto_generated_from_title_when_blank" time="0.153" /><testcase classname="backend.tests.test_tours_charters_marketplace.TestActivityFieldRefinement" name="test_alias_uniqueness_appends_suffix_on_duplicate_title" time="0.202" /><testcase classname="backend.tests.test_tours_charters_marketplace.TestActivityFieldRefinement" name="test_alias_editable_and_unique_on_update" time="0.339" /><testcase classname="backend.tests.test_tours_charters_marketplace.TestActivityFieldRefinement" name="test_unpublished_hidden_from_public_list_and_detail" time="0.501" /><testcase classname="backend.tests.test_tours_charters_marketplace.TestActivityFieldRefinement" name="test_priority_sort_order_on_public_listing" time="0.296" /><testcase classname="backend.tests.test_tours_charters_marketplace.TestFareHarborFields" name="test_seller_persists_fareharbor_shortname" time="0.099" /><testcase classname="backend.tests.test_tours_charters_marketplace.TestFareHarborFields" name="test_activity_own_fareharbor_shortname_overrides_seller" time="0.326" /><testcase classname="backend.tests.test_tours_charters_marketplace.TestFareHarborFields" name="test_activity_blank_shortname_falls_back_to_seller" time="0.213" /><testcase classname="backend.tests.test_tours_charters_marketplace.TestFareHarborFields" name="test_activity_generic_provider_default" time="0.102" /><testcase classname="backend.tests.test_tours_charters_marketplace.TestFareHarborFields" name="test_update_activity_booking_provider_to_fareharbor" time="0.203" /><testcase classname="backend.tests.test_tours_charters_marketplace.TestDashboardStats" name="test_dashboard_stats_shape" time="0.056" /><testcase classname="backend.tests.test_tours_charters_marketplace.TestAuthGuards" name="test_categories_requires_auth" time="0.106" /><testcase classname="backend.tests.test_tours_charters_marketplace.TestAuthGuards" name="test_activities_requires_auth" time="0.106" /><testcase classname="backend.tests.test_tours_charters_marketplace.TestAuthGuards" name="test_dashboard_requires_auth" time="0.103" /><testcase classname="backend.tests.test_tours_charters_marketplace.TestPublicEndpoints" name="test_public_categories_no_auth_needed" time="0.048" /><testcase classname="backend.tests.test_tours_charters_marketplace.TestPublicEndpoints" name="test_public_sellers_no_auth_needed" time="0.048" /><testcase classname="backend.tests.test_tours_charters_marketplace.TestPublicEndpoints" name="test_public_activities_filter_by_category_slug" time="0.051" /><testcase classname="backend.tests.test_tours_charters_marketplace.TestPublicEndpoints" name="test_public_activities_filter_by_seller_slug" time="0.051" /><testcase classname="backend.tests.test_tours_charters_marketplace.TestPublicEndpoints" name="test_public_activities_filter_by_unknown_slug_returns_empty" time="0.052" /><testcase classname="backend.tests.test_tours_charters_marketplace.TestPublicEndpoints" name="test_public_activity_detail_by_alias" time="0.051" /><testcase classname="backend.tests.test_tours_charters_marketplace.TestPublicEndpoints" name="test_public_activity_detail_404_for_unknown_alias" time="0.048" /><testcase classname="backend.tests.test_tours_charters_marketplace.TestPublicEndpoints" name="test_public_endpoints_do_not_return_inactive" time="0.201" /><testcase classname="backend.tests.test_tours_charters_billing.TestSellerBillingAndCustomerSync" name="test_seller_create_persists_billing_fields" time="0.613" /><testcase classname="backend.tests.test_tours_charters_billing.TestSellerBillingAndCustomerSync" name="test_seller_create_triggers_customer_sync" time="0.000" /><testcase classname="backend.tests.test_tours_charters_billing.TestSellerBillingAndCustomerSync" name="test_synced_customer_appears_in_store_customers" time="0.055" /><testcase classname="backend.tests.test_tours_charters_billing.TestSellerBillingAndCustomerSync" name="test_seller_update_billing_fields_persists_and_resyncs" time="0.193" /><testcase classname="backend.tests.test_tours_charters_billing.TestInvoiceSettings" name="test_get_invoice_settings_returns_dict" time="0.048" /><testcase classname="backend.tests.test_tours_charters_billing.TestInvoiceSettings" name="test_update_invoice_settings_persists" time="0.117" /><testcase classname="backend.tests.test_tours_charters_billing.TestInvoiceCrud" name="test_create_invoice_computes_totals_correctly" time="0.385" /><testcase classname="backend.tests.test_tours_charters_billing.TestInvoiceCrud" name="test_invoice_number_format" time="0.100" /><testcase classname="backend.tests.test_tours_charters_billing.TestInvoiceCrud" name="test_get_invoice_by_id" time="0.154" /><testcase classname="backend.tests.test_tours_charters_billing.TestInvoiceCrud" name="test_list_invoices_filter_by_seller" time="0.147" /><testcase classname="backend.tests.test_tours_charters_billing.TestInvoiceCrud" name="test_update_invoice_line_items_recomputes_totals" time="0.146" /><testcase classname="backend.tests.test_tours_charters_billing.TestInvoiceCrud" name="test_mark_invoice_paid_sets_status_and_zero_due" time="0.202" /><testcase classname="backend.tests.test_tours_charters_billing.TestInvoiceCrud" name="test_void_invoice_sets_status_void" time="0.145" /><testcase classname="backend.tests.test_tours_charters_billing.TestInvoiceCrud" name="test_delete_invoice_removes_it" time="0.151" /><testcase classname="backend.tests.test_tours_charters_billing.TestInvoiceCrud" name="test_create_invoice_for_missing_seller_returns_400" time="0.100" /><testcase classname="backend.tests.test_tours_charters_billing.TestPublicInvoiceViewAndPayment" name="test_public_get_invoice_no_auth_required" time="0.447" /><testcase classname="backend.tests.test_tours_charters_billing.TestPublicInvoiceViewAndPayment" name="test_public_get_invoice_404_for_unknown_id" time="0.115" /><testcase classname="backend.tests.test_tours_charters_billing.TestPublicInvoiceViewAndPayment" name="test_pay_now_creates_stripe_checkout_session" time="0.705" /><testcase classname="backend.tests.test_tours_charters_billing.TestPublicInvoiceViewAndPayment" name="test_pay_status_endpoint_does_not_error" time="0.929" /><testcase classname="backend.tests.test_tours_charters_billing.TestPublicInvoiceViewAndPayment" name="test_pay_now_on_already_paid_invoice_returns_400" time="0.306" /><testcase classname="backend.tests.test_tours_charters_billing.TestAccountingToursChartersIncome" name="test_tours_charters_income_endpoint_returns_expected_shape" time="0.106" /><testcase classname="backend.tests.test_tours_charters_billing.TestAccountingToursChartersIncome" name="test_tours_charters_income_respects_custom_date_range" time="0.052" /><testcase classname="backend.tests.test_tours_charters_billing.TestAccountingToursChartersIncome" name="test_dashboard_report_export_endpoint_still_works" time="0.058" /><testcase classname="backend.tests.test_tours_charters_billing.TestFareHarborFeatureFlagSettings" name="test_get_feature_flags_masks_fareharbor_secrets_if_set" time="0.146" /><testcase classname="backend.tests.test_tours_charters_billing.TestFareHarborFeatureFlagSettings" name="test_put_with_masked_value_does_not_overwrite_stored_secret" time="0.157" /><testcase classname="backend.tests.test_tours_charters_billing.TestFareHarborFeatureFlagSettings" name="test_saving_feature_flags_roundtrips_other_flags" time="0.140" /><testcase classname="backend.tests.test_activity_seo_and_charter_companies.TestActivitySeoFields" name="test_create_activity_with_seo_fields_persists" time="0.596" /><testcase classname="backend.tests.test_activity_seo_and_charter_companies.TestActivitySeoFields" name="test_update_activity_seo_fields_persists" time="0.220" /><testcase classname="backend.tests.test_activity_seo_and_charter_companies.TestActivitySeoFields" name="test_seo_fields_default_blank_when_not_provided" time="0.204" /><testcase classname="backend.tests.test_activity_seo_and_charter_companies.TestCharterCompanyFullFieldsCRUD" name="test_create_charter_company_all_fields_persist" time="0.133" /><testcase classname="backend.tests.test_activity_seo_and_charter_companies.TestCharterCompanyFullFieldsCRUD" name="test_update_charter_company_name_commission_status_persist" time="0.225" /><testcase classname="backend.tests.test_activity_seo_and_charter_companies.TestCharterCompanyFullFieldsCRUD" name="test_delete_charter_company_with_linked_activity_blocked_400" time="0.400" /><testcase classname="backend.tests.test_activity_seo_and_charter_companies.TestCharterCompanyFullFieldsCRUD" name="test_delete_charter_company_no_activities_succeeds" time="0.144" /><testcase classname="backend.tests.test_activity_card_fields.TestNewActivityFieldsCRUD" name="test_create_activity_with_new_fields_and_verify_persistence" time="0.537" /><testcase classname="backend.tests.test_activity_card_fields.TestNewActivityFieldsCRUD" name="test_update_new_fields_and_verify_persistence" time="0.199" /><testcase classname="backend.tests.test_activity_card_fields.TestPublicActivitiesCardEnrichment" name="test_public_list_activities_includes_seller_logo_and_shortname" time="0.054" /><testcase classname="backend.tests.test_activity_card_fields.TestPublicActivitiesCardEnrichment" name="test_public_list_activities_by_company_slug" time="0.063" /><testcase classname="backend.tests.test_activity_card_fields.TestPublicActivitiesCardEnrichment" name="test_public_get_single_activity_includes_effective_fareharbor_shortname" time="0.059" /></testsuite></testsuites>