<?xml version="1.0" encoding="utf-8"?><testsuites name="pytest tests"><testsuite name="pytest" errors="0" failures="0" skipped="0" tests="26" time="5.701" timestamp="2026-07-26T00:52:31.479786+00:00" hostname="agent-env-78632c40-96b6-4631-b54c-756edfbea0c2"><testcase classname="tests.test_tours_charters_billing.TestSellerBillingAndCustomerSync" name="test_seller_create_persists_billing_fields" time="0.696" /><testcase classname="tests.test_tours_charters_billing.TestSellerBillingAndCustomerSync" name="test_seller_create_triggers_customer_sync" time="0.000" /><testcase classname="tests.test_tours_charters_billing.TestSellerBillingAndCustomerSync" name="test_synced_customer_appears_in_store_customers" time="0.049" /><testcase classname="tests.test_tours_charters_billing.TestSellerBillingAndCustomerSync" name="test_seller_update_billing_fields_persists_and_resyncs" time="0.199" /><testcase classname="tests.test_tours_charters_billing.TestInvoiceSettings" name="test_get_invoice_settings_returns_dict" time="0.054" /><testcase classname="tests.test_tours_charters_billing.TestInvoiceSettings" name="test_update_invoice_settings_persists" time="0.103" /><testcase classname="tests.test_tours_charters_billing.TestInvoiceCrud" name="test_create_invoice_computes_totals_correctly" time="0.377" /><testcase classname="tests.test_tours_charters_billing.TestInvoiceCrud" name="test_invoice_number_format" time="0.108" /><testcase classname="tests.test_tours_charters_billing.TestInvoiceCrud" name="test_get_invoice_by_id" time="0.192" /><testcase classname="tests.test_tours_charters_billing.TestInvoiceCrud" name="test_list_invoices_filter_by_seller" time="0.153" /><testcase classname="tests.test_tours_charters_billing.TestInvoiceCrud" name="test_update_invoice_line_items_recomputes_totals" time="0.152" /><testcase classname="tests.test_tours_charters_billing.TestInvoiceCrud" name="test_mark_invoice_paid_sets_status_and_zero_due" time="0.199" /><testcase classname="tests.test_tours_charters_billing.TestInvoiceCrud" name="test_void_invoice_sets_status_void" time="0.148" /><testcase classname="tests.test_tours_charters_billing.TestInvoiceCrud" name="test_delete_invoice_removes_it" time="0.155" /><testcase classname="tests.test_tours_charters_billing.TestInvoiceCrud" name="test_create_invoice_for_missing_seller_returns_400" time="0.124" /><testcase classname="tests.test_tours_charters_billing.TestPublicInvoiceViewAndPayment" name="test_public_get_invoice_no_auth_required" time="0.425" /><testcase classname="tests.test_tours_charters_billing.TestPublicInvoiceViewAndPayment" name="test_public_get_invoice_404_for_unknown_id" time="0.102" /><testcase classname="tests.test_tours_charters_billing.TestPublicInvoiceViewAndPayment" name="test_pay_now_creates_stripe_checkout_session" time="0.655" /><testcase classname="tests.test_tours_charters_billing.TestPublicInvoiceViewAndPayment" name="test_pay_status_endpoint_does_not_error" time="0.761" /><testcase classname="tests.test_tours_charters_billing.TestPublicInvoiceViewAndPayment" name="test_pay_now_on_already_paid_invoice_returns_400" time="0.310" /><testcase classname="tests.test_tours_charters_billing.TestAccountingToursChartersIncome" name="test_tours_charters_income_endpoint_returns_expected_shape" time="0.052" /><testcase classname="tests.test_tours_charters_billing.TestAccountingToursChartersIncome" name="test_tours_charters_income_respects_custom_date_range" time="0.050" /><testcase classname="tests.test_tours_charters_billing.TestAccountingToursChartersIncome" name="test_dashboard_report_export_endpoint_still_works" time="0.062" /><testcase classname="tests.test_tours_charters_billing.TestFareHarborFeatureFlagSettings" name="test_get_feature_flags_masks_fareharbor_secrets_if_set" time="0.171" /><testcase classname="tests.test_tours_charters_billing.TestFareHarborFeatureFlagSettings" name="test_put_with_masked_value_does_not_overwrite_stored_secret" time="0.155" /><testcase classname="tests.test_tours_charters_billing.TestFareHarborFeatureFlagSettings" name="test_saving_feature_flags_roundtrips_other_flags" time="0.151" /></testsuite></testsuites>