<?xml version="1.0" encoding="utf-8"?><testsuites name="pytest tests"><testsuite name="pytest" errors="0" failures="0" skipped="0" tests="12" time="6.076" timestamp="2026-03-08T19:57:06.894753+00:00" hostname="agent-env-6f358b80-312d-41fc-a5c1-6c31c53120f7"><testcase classname="backend.tests.test_user_portal.TestUserPortalAPIs" name="test_get_my_orders" time="0.452" /><testcase classname="backend.tests.test_user_portal.TestUserPortalAPIs" name="test_get_my_orders_unauthenticated" time="0.461" /><testcase classname="backend.tests.test_user_portal.TestUserPortalAPIs" name="test_get_my_account" time="0.379" /><testcase classname="backend.tests.test_user_portal.TestUserPortalAPIs" name="test_update_my_account" time="0.565" /><testcase classname="backend.tests.test_user_portal.TestUserPortalAPIs" name="test_get_addresses" time="0.420" /><testcase classname="backend.tests.test_user_portal.TestUserPortalAPIs" name="test_add_address" time="0.574" /><testcase classname="backend.tests.test_user_portal.TestUserPortalAPIs" name="test_update_address" time="0.587" /><testcase classname="backend.tests.test_user_portal.TestUserPortalAPIs" name="test_delete_address" time="0.511" /><testcase classname="backend.tests.test_user_portal.TestUserPortalAPIs" name="test_delete_nonexistent_address" time="0.387" /><testcase classname="backend.tests.test_user_portal.TestUserPortalAPIs" name="test_change_password_validation" time="0.598" /><testcase classname="backend.tests.test_user_portal.TestUserPortalAPIs" name="test_change_password_wrong_current" time="0.618" /><testcase classname="backend.tests.test_user_portal.TestAdminNotSeeMyAccountLink" name="test_admin_login" time="0.438" /></testsuite></testsuites>