<?xml version="1.0" encoding="utf-8"?><testsuites name="pytest tests"><testsuite name="pytest" errors="0" failures="0" skipped="0" tests="36" time="4.565" timestamp="2026-03-07T06:25:05.701130+00:00" hostname="agent-env-9cf21145-87b3-4aaf-8664-f7dc39186596"><testcase classname="tests.test_user_management.TestStaffManagement" name="test_list_staff_returns_200" time="0.172" /><testcase classname="tests.test_user_management.TestStaffManagement" name="test_staff_list_contains_expected_fields" time="0.107" /><testcase classname="tests.test_user_management.TestStaffManagement" name="test_staff_roles_are_valid" time="0.123" /><testcase classname="tests.test_user_management.TestStaffManagement" name="test_create_staff_member" time="0.343" /><testcase classname="tests.test_user_management.TestStaffManagement" name="test_verify_created_staff_in_list" time="0.099" /><testcase classname="tests.test_user_management.TestStaffManagement" name="test_update_staff_member" time="0.099" /><testcase classname="tests.test_user_management.TestStaffManagement" name="test_delete_staff_member" time="0.207" /><testcase classname="tests.test_user_management.TestStaffManagement" name="test_create_staff_with_invalid_role_fails" time="0.102" /><testcase classname="tests.test_user_management.TestCustomerTierManagement" name="test_list_customers_returns_200" time="0.111" /><testcase classname="tests.test_user_management.TestCustomerTierManagement" name="test_customer_list_contains_tier_info" time="0.117" /><testcase classname="tests.test_user_management.TestCustomerTierManagement" name="test_get_single_customer" time="0.110" /><testcase classname="tests.test_user_management.TestCustomerTierManagement" name="test_wholesale_customer_has_custom_discount" time="0.102" /><testcase classname="tests.test_user_management.TestCustomerTierManagement" name="test_standard_wholesale_customer_uses_global_discount" time="0.099" /><testcase classname="tests.test_user_management.TestCustomerTierManagement" name="test_filter_customers_by_tier" time="0.110" /><testcase classname="tests.test_user_management.TestCustomerTierManagement" name="test_search_customers" time="0.103" /><testcase classname="tests.test_user_management.TestWholesaleSettings" name="test_get_wholesale_settings_returns_200" time="0.094" /><testcase classname="tests.test_user_management.TestWholesaleSettings" name="test_wholesale_settings_has_required_fields" time="0.112" /><testcase classname="tests.test_user_management.TestWholesaleSettings" name="test_default_discount_is_20_percent" time="0.106" /><testcase classname="tests.test_user_management.TestWholesaleSettings" name="test_quantity_tiers_configured" time="0.111" /><testcase classname="tests.test_user_management.TestWholesaleSettings" name="test_update_wholesale_settings" time="0.248" /><testcase classname="tests.test_user_management.TestPriceCalculation" name="test_retail_price_for_no_customer" time="0.113" /><testcase classname="tests.test_user_management.TestPriceCalculation" name="test_wholesale_price_with_custom_discount" time="0.162" /><testcase classname="tests.test_user_management.TestPriceCalculation" name="test_wholesale_price_with_global_discount" time="0.106" /><testcase classname="tests.test_user_management.TestPriceCalculation" name="test_quantity_tier_5_units" time="0.108" /><testcase classname="tests.test_user_management.TestPriceCalculation" name="test_quantity_tier_10_units" time="0.111" /><testcase classname="tests.test_user_management.TestPriceCalculation" name="test_quantity_tier_25_units" time="0.108" /><testcase classname="tests.test_user_management.TestPriceCalculation" name="test_product_not_found_returns_404" time="0.108" /><testcase classname="tests.test_user_management.TestPriceCalculation" name="test_savings_calculated_correctly" time="0.099" /><testcase classname="tests.test_user_management.TestCartPricing" name="test_calculate_cart_pricing" time="0.107" /><testcase classname="tests.test_user_management.TestCartPricing" name="test_cart_minimum_order_check" time="0.114" /><testcase classname="tests.test_user_management.TestProductWholesalePrice" name="test_get_product_wholesale_price" time="0.116" /><testcase classname="tests.test_user_management.TestProductWholesalePrice" name="test_product_not_found_wholesale_price" time="0.103" /><testcase classname="tests.test_user_management.TestRoleVerification" name="test_verify_customer_role" time="0.098" /><testcase classname="tests.test_user_management.TestRoleVerification" name="test_verify_nonexistent_user" time="0.116" /><testcase classname="tests.test_user_management.TestPricedProducts" name="test_priced_products_for_retail" time="0.111" /><testcase classname="tests.test_user_management.TestPricedProducts" name="test_priced_products_for_wholesale" time="0.112" /></testsuite></testsuites>