<?xml version="1.0" encoding="utf-8"?><testsuites name="pytest tests"><testsuite name="pytest" errors="0" failures="0" skipped="0" tests="16" time="7.852" timestamp="2026-03-15T23:10:13.392332+00:00" hostname="agent-env-f270cae3-4b74-42bc-be10-77728d2f5f28"><testcase classname="backend.tests.test_yoycol_integration.TestYoycolIntegration" name="test_public_feature_flags_returns_yoycol_enabled" time="0.238" /><testcase classname="backend.tests.test_yoycol_integration.TestYoycolIntegration" name="test_admin_feature_flags_returns_yoycol_enabled" time="0.546" /><testcase classname="backend.tests.test_yoycol_integration.TestYoycolIntegration" name="test_admin_feature_flags_requires_auth" time="0.123" /><testcase classname="backend.tests.test_yoycol_integration.TestYoycolIntegration" name="test_toggle_yoycol_enabled_on" time="0.448" /><testcase classname="backend.tests.test_yoycol_integration.TestYoycolIntegration" name="test_toggle_yoycol_enabled_off" time="0.342" /><testcase classname="backend.tests.test_yoycol_integration.TestYoycolIntegration" name="test_yoycol_credentials_requires_auth" time="0.113" /><testcase classname="backend.tests.test_yoycol_integration.TestYoycolIntegration" name="test_get_yoycol_credentials_empty" time="0.313" /><testcase classname="backend.tests.test_yoycol_integration.TestYoycolIntegration" name="test_save_yoycol_credentials" time="0.327" /><testcase classname="backend.tests.test_yoycol_integration.TestYoycolIntegration" name="test_get_yoycol_credentials_masked" time="0.542" /><testcase classname="backend.tests.test_yoycol_integration.TestYoycolIntegration" name="test_yoycol_validate_requires_auth" time="0.115" /><testcase classname="backend.tests.test_yoycol_integration.TestYoycolIntegration" name="test_yoycol_validate_with_placeholder_keys" time="1.304" /><testcase classname="backend.tests.test_yoycol_integration.TestYoycolIntegration" name="test_yoycol_validate_use_stored" time="1.136" /><testcase classname="backend.tests.test_yoycol_integration.TestYoycolIntegration" name="test_yoycol_validate_no_stored_credentials" time="1.055" /><testcase classname="backend.tests.test_yoycol_integration.TestYoycolIntegration" name="test_yoycol_gated_when_disabled_for_non_super" time="0.665" /><testcase classname="backend.tests.test_yoycol_integration.TestYoycolIntegration" name="test_super_admin_bypasses_feature_gate" time="0.347" /><testcase classname="backend.tests.test_yoycol_integration.TestYoycolIntegration" name="test_printful_behavior_unaffected" time="0.147" /></testsuite></testsuites>